urllib3.connectionpool - DEBUG - Starting new HTTPS connection (1): query1.finance.yahoo.com:443
urllib3.connectionpool - DEBUG - Starting new HTTPS connection (1): query1.finance.yahoo.com:443
urllib3.connectionpool - DEBUG - Starting new HTTPS connection (1): query1.finance.yahoo.com:443
urllib3.connectionpool - DEBUG - Starting new HTTPS connection (1): query1.finance.yahoo.com:443
urllib3.connectionpool - DEBUG - https://query1.finance.yahoo.com:443 "GET /v8/finance/chart/MXIM?range=1d&interval=1m&includePrePost=False&events=div%2Csplits HTTP/1.1" 200 None
urllib3.connectionpool - DEBUG - https://query1.finance.yahoo.com:443 "GET /v8/finance/chart/MAR?range=1d&interval=1m&includePrePost=False&events=div%2Csplits HTTP/1.1" 200 None
numexpr.utils - INFO - NumExpr defaulting to 4 threads.
urllib3.connectionpool - DEBUG - https://query1.finance.yahoo.com:443 "GET /v8/finance/chart/BKNG?range=1d&interval=1m&includePrePost=False&events=div%2Csplits HTTP/1.1" 200 None
urllib3.connectionpool - DEBUG - https://query1.finance.yahoo.com:443 "GET /v8/finance/chart/XEL?range=1d&interval=1m&includePrePost=False&events=div%2Csplits HTTP/1.1" 200 None
urllib3.connectionpool - DEBUG - Starting new HTTPS connection (1): query1.finance.yahoo.com:443
urllib3.connectionpool - DEBUG - Starting new HTTPS connection (1): query1.finance.yahoo.com:443
urllib3.connectionpool - DEBUG - Starting new HTTPS connection (1): query1.finance.yahoo.com:443
urllib3.connectionpool - DEBUG - Starting new HTTPS connection (1): query1.finance.yahoo.com:443
urllib3.connectionpool - DEBUG - https://query1.finance.yahoo.com:443 "GET /v8/finance/chart/ALXN?range=1d&interval=1m&includePrePost=False&events=div%2Csplits HTTP/1.1" 200 None
urllib3.connectionpool - DEBUG - https://query1.finance.yahoo.com:443 "GET /v8/finance/chart/NFLX?range=1d&interval=1m&includePrePost=False&events=div%2Csplits HTTP/1.1" 200 None
urllib3.connectionpool - DEBUG - https://query1.finance.yahoo.com:443 "GET /v8/finance/chart/CTSH?range=1d&interval=1m&includePrePost=False&events=div%2Csplits HTTP/1.1" 200 None
urllib3.connectionpool - DEBUG - https://query1.finance.yahoo.com:443 "GET /v8/finance/chart/ADI?range=1d&interval=1m&includePrePost=False&events=div%2Csplits HTTP/1.1" 200 None
urllib3.connectionpool - DEBUG - Starting new HTTPS connection (1): query1.finance.yahoo.com:443
urllib3.connectionpool - DEBUG - Starting new HTTPS connection (1): query1.finance.yahoo.com:443
urllib3.connectionpool - DEBUG - Starting new HTTPS connection (1): query1.finance.yahoo.com:443
urllib3.connectionpool - DEBUG - Starting new HTTPS connection (1): query1.finance.yahoo.com:443
urllib3.connectionpool - DEBUG - https://query1.finance.yahoo.com:443 "GET /v8/finance/chart/SIRI?range=1d&interval=1m&includePrePost=False&events=div%2Csplits HTTP/1.1" 200 None
urllib3.connectionpool - DEBUG - https://query1.finance.yahoo.com:443 "GET /v8/finance/chart/FISV?range=1d&interval=1m&includePrePost=False&events=div%2Csplits HTTP/1.1" 200 None
urllib3.connectionpool - DEBUG - https://query1.finance.yahoo.com:443 "GET /v8/finance/chart/ADSK?range=1d&interval=1m&includePrePost=False&events=div%2Csplits HTTP/1.1" 200 None
urllib3.connectionpool - DEBUG - https://query1.finance.yahoo.com:443 "GET /v8/finance/chart/WLTW?range=1d&interval=1m&includePrePost=False&events=div%2Csplits HTTP/1.1" 200 None
urllib3.connectionpool - DEBUG - Starting new HTTPS connection (1): query1.finance.yahoo.com:443
urllib3.connectionpool - DEBUG - Starting new HTTPS connection (1): query1.finance.yahoo.com:443
urllib3.connectionpool - DEBUG - Starting new HTTPS connection (1): query1.finance.yahoo.com:443
urllib3.connectionpool - DEBUG - Starting new HTTPS connection (1): query1.finance.yahoo.com:443
urllib3.connectionpool - DEBUG - https://query1.finance.yahoo.com:443 "GET /v8/finance/chart/MELI?range=1d&interval=1m&includePrePost=False&events=div%2Csplits HTTP/1.1" 200 None
urllib3.connectionpool - DEBUG - https://query1.finance.yahoo.com:443 "GET /v8/finance/chart/CTXS?range=1d&interval=1m&includePrePost=False&events=div%2Csplits HTTP/1.1" 200 None
urllib3.connectionpool - DEBUG - https://query1.finance.yahoo.com:443 "GET /v8/finance/chart/CHKP?range=1d&interval=1m&includePrePost=False&events=div%2Csplits HTTP/1.1" 200 None
urllib3.connectionpool - DEBUG - https://query1.finance.yahoo.com:443 "GET /v8/finance/chart/CSX?range=1d&interval=1m&includePrePost=False&events=div%2Csplits HTTP/1.1" 200 None
urllib3.connectionpool - DEBUG - Starting new HTTPS connection (1): query1.finance.yahoo.com:443
urllib3.connectionpool - DEBUG - Starting new HTTPS connection (1): query1.finance.yahoo.com:443
urllib3.connectionpool - DEBUG - Starting new HTTPS connection (1): query1.finance.yahoo.com:443
urllib3.connectionpool - DEBUG - Starting new HTTPS connection (1): query1.finance.yahoo.com:443
urllib3.connectionpool - DEBUG - https://query1.finance.yahoo.com:443 "GET /v8/finance/chart/QCOM?range=1d&interval=1m&includePrePost=False&events=div%2Csplits HTTP/1.1" 200 None
urllib3.connectionpool - DEBUG - https://query1.finance.yahoo.com:443 "GET /v8/finance/chart/TSLA?range=1d&interval=1m&includePrePost=False&events=div%2Csplits HTTP/1.1" 200 None
urllib3.connectionpool - DEBUG - https://query1.finance.yahoo.com:443 "GET /v8/finance/chart/MSFT?range=1d&interval=1m&includePrePost=False&events=div%2Csplits HTTP/1.1" 200 None
urllib3.connectionpool - DEBUG - https://query1.finance.yahoo.com:443 "GET /v8/finance/chart/ATVI?range=1d&interval=1m&includePrePost=False&events=div%2Csplits HTTP/1.1" 200 None
urllib3.connectionpool - DEBUG - Starting new HTTPS connection (1): query1.finance.yahoo.com:443
urllib3.connectionpool - DEBUG - Starting new HTTPS connection (1): query1.finance.yahoo.com:443
urllib3.connectionpool - DEBUG - Starting new HTTPS connection (1): query1.finance.yahoo.com:443
urllib3.connectionpool - DEBUG - Starting new HTTPS connection (1): query1.finance.yahoo.com:443
urllib3.connectionpool - DEBUG - https://query1.finance.yahoo.com:443 "GET /v8/finance/chart/MDLZ?range=1d&interval=1m&includePrePost=False&events=div%2Csplits HTTP/1.1" 200 None
urllib3.connectionpool - DEBUG - https://query1.finance.yahoo.com:443 "GET /v8/finance/chart/AAL?range=1d&interval=1m&includePrePost=False&events=div%2Csplits HTTP/1.1" 200 None
urllib3.connectionpool - DEBUG - https://query1.finance.yahoo.com:443 "GET /v8/finance/chart/JD?range=1d&interval=1m&includePrePost=False&events=div%2Csplits HTTP/1.1" 200 None
urllib3.connectionpool - DEBUG - https://query1.finance.yahoo.com:443 "GET /v8/finance/chart/SWKS?range=1d&interval=1m&includePrePost=False&events=div%2Csplits HTTP/1.1" 200 None
urllib3.connectionpool - DEBUG - Starting new HTTPS connection (1): query1.finance.yahoo.com:443
urllib3.connectionpool - DEBUG - Starting new HTTPS connection (1): query1.finance.yahoo.com:443
urllib3.connectionpool - DEBUG - Starting new HTTPS connection (1): query1.finance.yahoo.com:443
urllib3.connectionpool - DEBUG - Starting new HTTPS connection (1): query1.finance.yahoo.com:443
urllib3.connectionpool - DEBUG - https://query1.finance.yahoo.com:443 "GET /v8/finance/chart/GOOGL?range=1d&interval=1m&includePrePost=False&events=div%2Csplits HTTP/1.1" 200 None
urllib3.connectionpool - DEBUG - Starting new HTTPS connection (1): query1.finance.yahoo.com:443
urllib3.connectionpool - DEBUG - https://query1.finance.yahoo.com:443 "GET /v8/finance/chart/CMCSA?range=1d&interval=1m&includePrePost=False&events=div%2Csplits HTTP/1.1" 200 None
urllib3.connectionpool - DEBUG - https://query1.finance.yahoo.com:443 "GET /v8/finance/chart/WBA?range=1d&interval=1m&includePrePost=False&events=div%2Csplits HTTP/1.1" 200 None
urllib3.connectionpool - DEBUG - https://query1.finance.yahoo.com:443 "GET /v8/finance/chart/VRSN?range=1d&interval=1m&includePrePost=False&events=div%2Csplits HTTP/1.1" 200 None
urllib3.connectionpool - DEBUG - Starting new HTTPS connection (1): query1.finance.yahoo.com:443
urllib3.connectionpool - DEBUG - Starting new HTTPS connection (1): query1.finance.yahoo.com:443
urllib3.connectionpool - DEBUG - Starting new HTTPS connection (1): query1.finance.yahoo.com:443
urllib3.connectionpool - DEBUG - https://query1.finance.yahoo.com:443 "GET /v8/finance/chart/ILMN?range=1d&interval=1m&includePrePost=False&events=div%2Csplits HTTP/1.1" 200 None
urllib3.connectionpool - DEBUG - Starting new HTTPS connection (1): query1.finance.yahoo.com:443
urllib3.connectionpool - DEBUG - https://query1.finance.yahoo.com:443 "GET /v8/finance/chart/ROST?range=1d&interval=1m&includePrePost=False&events=div%2Csplits HTTP/1.1" 200 None
urllib3.connectionpool - DEBUG - https://query1.finance.yahoo.com:443 "GET /v8/finance/chart/SNPS?range=1d&interval=1m&includePrePost=False&events=div%2Csplits HTTP/1.1" 200 None
urllib3.connectionpool - DEBUG - https://query1.finance.yahoo.com:443 "GET /v8/finance/chart/GILD?range=1d&interval=1m&includePrePost=False&events=div%2Csplits HTTP/1.1" 200 None
urllib3.connectionpool - DEBUG - Starting new HTTPS connection (1): query1.finance.yahoo.com:443
urllib3.connectionpool - DEBUG - Starting new HTTPS connection (1): query1.finance.yahoo.com:443
urllib3.connectionpool - DEBUG - Starting new HTTPS connection (1): query1.finance.yahoo.com:443
urllib3.connectionpool - DEBUG - https://query1.finance.yahoo.com:443 "GET /v8/finance/chart/CPRT?range=1d&interval=1m&includePrePost=False&events=div%2Csplits HTTP/1.1" 200 None
urllib3.connectionpool - DEBUG - Starting new HTTPS connection (1): query1.finance.yahoo.com:443
urllib3.connectionpool - DEBUG - https://query1.finance.yahoo.com:443 "GET /v8/finance/chart/AVGO?range=1d&interval=1m&includePrePost=False&events=div%2Csplits HTTP/1.1" 200 None
urllib3.connectionpool - DEBUG - https://query1.finance.yahoo.com:443 "GET /v8/finance/chart/FB?range=1d&interval=1m&includePrePost=False&events=div%2Csplits HTTP/1.1" 200 None
urllib3.connectionpool - DEBUG - https://query1.finance.yahoo.com:443 "GET /v8/finance/chart/AAPL?range=1d&interval=1m&includePrePost=False&events=div%2Csplits HTTP/1.1" 200 8178
urllib3.connectionpool - DEBUG - Starting new HTTPS connection (1): query1.finance.yahoo.com:443
urllib3.connectionpool - DEBUG - Starting new HTTPS connection (1): query1.finance.yahoo.com:443
urllib3.connectionpool - DEBUG - Starting new HTTPS connection (1): query1.finance.yahoo.com:443
urllib3.connectionpool - DEBUG - https://query1.finance.yahoo.com:443 "GET /v8/finance/chart/LBTYA?range=1d&interval=1m&includePrePost=False&events=div%2Csplits HTTP/1.1" 200 None
urllib3.connectionpool - DEBUG - Starting new HTTPS connection (1): query1.finance.yahoo.com:443
urllib3.connectionpool - DEBUG - https://query1.finance.yahoo.com:443 "GET /v8/finance/chart/EXPE?range=1d&interval=1m&includePrePost=False&events=div%2Csplits HTTP/1.1" 200 None
urllib3.connectionpool - DEBUG - https://query1.finance.yahoo.com:443 "GET /v8/finance/chart/PCAR?range=1d&interval=1m&includePrePost=False&events=div%2Csplits HTTP/1.1" 200 None
urllib3.connectionpool - DEBUG - https://query1.finance.yahoo.com:443 "GET /v8/finance/chart/PEP?range=1d&interval=1m&includePrePost=False&events=div%2Csplits HTTP/1.1" 200 None
urllib3.connectionpool - DEBUG - Starting new HTTPS connection (1): query1.finance.yahoo.com:443
urllib3.connectionpool - DEBUG - Starting new HTTPS connection (1): query1.finance.yahoo.com:443
urllib3.connectionpool - DEBUG - Starting new HTTPS connection (1): query1.finance.yahoo.com:443
urllib3.connectionpool - DEBUG - https://query1.finance.yahoo.com:443 "GET /v8/finance/chart/INTC?range=1d&interval=1m&includePrePost=False&events=div%2Csplits HTTP/1.1" 200 None
urllib3.connectionpool - DEBUG - Starting new HTTPS connection (1): query1.finance.yahoo.com:443
urllib3.connectionpool - DEBUG - https://query1.finance.yahoo.com:443 "GET /v8/finance/chart/TMUS?range=1d&interval=1m&includePrePost=False&events=div%2Csplits HTTP/1.1" 200 None
urllib3.connectionpool - DEBUG - https://query1.finance.yahoo.com:443 "GET /v8/finance/chart/FOXA?range=1d&interval=1m&includePrePost=False&events=div%2Csplits HTTP/1.1" 200 None
urllib3.connectionpool - DEBUG - https://query1.finance.yahoo.com:443 "GET /v8/finance/chart/ORLY?range=1d&interval=1m&includePrePost=False&events=div%2Csplits HTTP/1.1" 200 None
urllib3.connectionpool - DEBUG - Starting new HTTPS connection (1): query1.finance.yahoo.com:443
urllib3.connectionpool - DEBUG - Starting new HTTPS connection (1): query1.finance.yahoo.com:443
urllib3.connectionpool - DEBUG - Starting new HTTPS connection (1): query1.finance.yahoo.com:443
urllib3.connectionpool - DEBUG - https://query1.finance.yahoo.com:443 "GET /v8/finance/chart/XLNX?range=1d&interval=1m&includePrePost=False&events=div%2Csplits HTTP/1.1" 200 None
urllib3.connectionpool - DEBUG - Starting new HTTPS connection (1): query1.finance.yahoo.com:443
urllib3.connectionpool - DEBUG - https://query1.finance.yahoo.com:443 "GET /v8/finance/chart/MU?range=1d&interval=1m&includePrePost=False&events=div%2Csplits HTTP/1.1" 200 None
urllib3.connectionpool - DEBUG - https://query1.finance.yahoo.com:443 "GET /v8/finance/chart/IDXX?range=1d&interval=1m&includePrePost=False&events=div%2Csplits HTTP/1.1" 200 None
urllib3.connectionpool - DEBUG - Starting new HTTPS connection (1): query1.finance.yahoo.com:443
urllib3.connectionpool - DEBUG - https://query1.finance.yahoo.com:443 "GET /v8/finance/chart/NXPI?range=1d&interval=1m&includePrePost=False&events=div%2Csplits HTTP/1.1" 200 None
urllib3.connectionpool - DEBUG - Starting new HTTPS connection (1): query1.finance.yahoo.com:443
urllib3.connectionpool - DEBUG - Starting new HTTPS connection (1): query1.finance.yahoo.com:443
urllib3.connectionpool - DEBUG - https://query1.finance.yahoo.com:443 "GET /v8/finance/chart/CTAS?range=1d&interval=1m&includePrePost=False&events=div%2Csplits HTTP/1.1" 200 None
urllib3.connectionpool - DEBUG - Starting new HTTPS connection (1): query1.finance.yahoo.com:443
urllib3.connectionpool - DEBUG - https://query1.finance.yahoo.com:443 "GET /v8/finance/chart/EA?range=1d&interval=1m&includePrePost=False&events=div%2Csplits HTTP/1.1" 200 None
urllib3.connectionpool - DEBUG - Starting new HTTPS connection (1): query1.finance.yahoo.com:443
urllib3.connectionpool - DEBUG - https://query1.finance.yahoo.com:443 "GET /v8/finance/chart/ASML?range=1d&interval=1m&includePrePost=False&events=div%2Csplits HTTP/1.1" 200 None
urllib3.connectionpool - DEBUG - https://query1.finance.yahoo.com:443 "GET /v8/finance/chart/KLAC?range=1d&interval=1m&includePrePost=False&events=div%2Csplits HTTP/1.1" 200 None
urllib3.connectionpool - DEBUG - Starting new HTTPS connection (1): query1.finance.yahoo.com:443
urllib3.connectionpool - DEBUG - Starting new HTTPS connection (1): query1.finance.yahoo.com:443
urllib3.connectionpool - DEBUG - https://query1.finance.yahoo.com:443 "GET /v8/finance/chart/WDC?range=1d&interval=1m&includePrePost=False&events=div%2Csplits HTTP/1.1" 200 None
urllib3.connectionpool - DEBUG - Starting new HTTPS connection (1): query1.finance.yahoo.com:443
urllib3.connectionpool - DEBUG - https://query1.finance.yahoo.com:443 "GET /v8/finance/chart/DLTR?range=1d&interval=1m&includePrePost=False&events=div%2Csplits HTTP/1.1" 200 None
urllib3.connectionpool - DEBUG - Starting new HTTPS connection (1): query1.finance.yahoo.com:443
urllib3.connectionpool - DEBUG - https://query1.finance.yahoo.com:443 "GET /v8/finance/chart/TXN?range=1d&interval=1m&includePrePost=False&events=div%2Csplits HTTP/1.1" 200 None
urllib3.connectionpool - DEBUG - https://query1.finance.yahoo.com:443 "GET /v8/finance/chart/FOX?range=1d&interval=1m&includePrePost=False&events=div%2Csplits HTTP/1.1" 200 None
urllib3.connectionpool - DEBUG - Starting new HTTPS connection (1): query1.finance.yahoo.com:443
urllib3.connectionpool - DEBUG - https://query1.finance.yahoo.com:443 "GET /v8/finance/chart/INTU?range=1d&interval=1m&includePrePost=False&events=div%2Csplits HTTP/1.1" 200 None
urllib3.connectionpool - DEBUG - Starting new HTTPS connection (1): query1.finance.yahoo.com:443
urllib3.connectionpool - DEBUG - Starting new HTTPS connection (1): query1.finance.yahoo.com:443
urllib3.connectionpool - DEBUG - https://query1.finance.yahoo.com:443 "GET /v8/finance/chart/UAL?range=1d&interval=1m&includePrePost=False&events=div%2Csplits HTTP/1.1" 200 None
urllib3.connectionpool - DEBUG - Starting new HTTPS connection (1): query1.finance.yahoo.com:443
urllib3.connectionpool - DEBUG - https://query1.finance.yahoo.com:443 "GET /v8/finance/chart/BMRN?range=1d&interval=1m&includePrePost=False&events=div%2Csplits HTTP/1.1" 200 None
urllib3.connectionpool - DEBUG - https://query1.finance.yahoo.com:443 "GET /v8/finance/chart/AMZN?range=1d&interval=1m&includePrePost=False&events=div%2Csplits HTTP/1.1" 200 None
urllib3.connectionpool - DEBUG - https://query1.finance.yahoo.com:443 "GET /v8/finance/chart/COST?range=1d&interval=1m&includePrePost=False&events=div%2Csplits HTTP/1.1" 200 None
urllib3.connectionpool - DEBUG - Starting new HTTPS connection (1): query1.finance.yahoo.com:443
urllib3.connectionpool - DEBUG - Starting new HTTPS connection (1): query1.finance.yahoo.com:443
urllib3.connectionpool - DEBUG - Starting new HTTPS connection (1): query1.finance.yahoo.com:443
urllib3.connectionpool - DEBUG - https://query1.finance.yahoo.com:443 "GET /v8/finance/chart/EXC?range=1d&interval=1m&includePrePost=False&events=div%2Csplits HTTP/1.1" 200 None
urllib3.connectionpool - DEBUG - Starting new HTTPS connection (1): query1.finance.yahoo.com:443
urllib3.connectionpool - DEBUG - https://query1.finance.yahoo.com:443 "GET /v8/finance/chart/LULU?range=1d&interval=1m&includePrePost=False&events=div%2Csplits HTTP/1.1" 200 None
urllib3.connectionpool - DEBUG - Starting new HTTPS connection (1): query1.finance.yahoo.com:443
urllib3.connectionpool - DEBUG - https://query1.finance.yahoo.com:443 "GET /v8/finance/chart/SGEN?range=1d&interval=1m&includePrePost=False&events=div%2Csplits HTTP/1.1" 200 None
urllib3.connectionpool - DEBUG - https://query1.finance.yahoo.com:443 "GET /v8/finance/chart/BIIB?range=1d&interval=1m&includePrePost=False&events=div%2Csplits HTTP/1.1" 200 None
urllib3.connectionpool - DEBUG - Starting new HTTPS connection (1): query1.finance.yahoo.com:443
urllib3.connectionpool - DEBUG - Starting new HTTPS connection (1): query1.finance.yahoo.com:443
urllib3.connectionpool - DEBUG - https://query1.finance.yahoo.com:443 "GET /v8/finance/chart/AMGN?range=1d&interval=1m&includePrePost=False&events=div%2Csplits HTTP/1.1" 200 None
urllib3.connectionpool - DEBUG - Starting new HTTPS connection (1): query1.finance.yahoo.com:443
urllib3.connectionpool - DEBUG - https://query1.finance.yahoo.com:443 "GET /v8/finance/chart/PYPL?range=1d&interval=1m&includePrePost=False&events=div%2Csplits HTTP/1.1" 200 None
urllib3.connectionpool - DEBUG - Starting new HTTPS connection (1): query1.finance.yahoo.com:443
urllib3.connectionpool - DEBUG - https://query1.finance.yahoo.com:443 "GET /v8/finance/chart/AMAT?range=1d&interval=1m&includePrePost=False&events=div%2Csplits HTTP/1.1" 200 None
urllib3.connectionpool - DEBUG - https://query1.finance.yahoo.com:443 "GET /v8/finance/chart/WDAY?range=1d&interval=1m&includePrePost=False&events=div%2Csplits HTTP/1.1" 200 None
urllib3.connectionpool - DEBUG - Starting new HTTPS connection (1): query1.finance.yahoo.com:443
urllib3.connectionpool - DEBUG - Starting new HTTPS connection (1): query1.finance.yahoo.com:443
urllib3.connectionpool - DEBUG - https://query1.finance.yahoo.com:443 "GET /v8/finance/chart/BIDU?range=1d&interval=1m&includePrePost=False&events=div%2Csplits HTTP/1.1" 200 None
urllib3.connectionpool - DEBUG - Starting new HTTPS connection (1): query1.finance.yahoo.com:443
urllib3.connectionpool - DEBUG - https://query1.finance.yahoo.com:443 "GET /v8/finance/chart/CDNS?range=1d&interval=1m&includePrePost=False&events=div%2Csplits HTTP/1.1" 200 None
urllib3.connectionpool - DEBUG - Starting new HTTPS connection (1): query1.finance.yahoo.com:443
urllib3.connectionpool - DEBUG - https://query1.finance.yahoo.com:443 "GET /v8/finance/chart/CSGP?range=1d&interval=1m&includePrePost=False&events=div%2Csplits HTTP/1.1" 200 None
urllib3.connectionpool - DEBUG - https://query1.finance.yahoo.com:443 "GET /v8/finance/chart/SBUX?range=1d&interval=1m&includePrePost=False&events=div%2Csplits HTTP/1.1" 200 None
urllib3.connectionpool - DEBUG - Starting new HTTPS connection (1): query1.finance.yahoo.com:443
urllib3.connectionpool - DEBUG - Starting new HTTPS connection (1): query1.finance.yahoo.com:443
urllib3.connectionpool - DEBUG - https://query1.finance.yahoo.com:443 "GET /v8/finance/chart/ADP?range=1d&interval=1m&includePrePost=False&events=div%2Csplits HTTP/1.1" 200 None
urllib3.connectionpool - DEBUG - https://query1.finance.yahoo.com:443 "GET /v8/finance/chart/ULTA?range=1d&interval=1m&includePrePost=False&events=div%2Csplits HTTP/1.1" 200 None
urllib3.connectionpool - DEBUG - Starting new HTTPS connection (1): query1.finance.yahoo.com:443
urllib3.connectionpool - DEBUG - Starting new HTTPS connection (1): query1.finance.yahoo.com:443
urllib3.connectionpool - DEBUG - https://query1.finance.yahoo.com:443 "GET /v8/finance/chart/INCY?range=1d&interval=1m&includePrePost=False&events=div%2Csplits HTTP/1.1" 200 None
urllib3.connectionpool - DEBUG - https://query1.finance.yahoo.com:443 "GET /v8/finance/chart/EBAY?range=1d&interval=1m&includePrePost=False&events=div%2Csplits HTTP/1.1" 200 None
urllib3.connectionpool - DEBUG - Starting new HTTPS connection (1): query1.finance.yahoo.com:443
urllib3.connectionpool - DEBUG - Starting new HTTPS connection (1): query1.finance.yahoo.com:443
urllib3.connectionpool - DEBUG - https://query1.finance.yahoo.com:443 "GET /v8/finance/chart/LBTYK?range=1d&interval=1m&includePrePost=False&events=div%2Csplits HTTP/1.1" 200 None
urllib3.connectionpool - DEBUG - https://query1.finance.yahoo.com:443 "GET /v8/finance/chart/MNST?range=1d&interval=1m&includePrePost=False&events=div%2Csplits HTTP/1.1" 200 None
urllib3.connectionpool - DEBUG - Starting new HTTPS connection (1): query1.finance.yahoo.com:443
urllib3.connectionpool - DEBUG - Starting new HTTPS connection (1): query1.finance.yahoo.com:443
urllib3.connectionpool - DEBUG - https://query1.finance.yahoo.com:443 "GET /v8/finance/chart/ANSS?range=1d&interval=1m&includePrePost=False&events=div%2Csplits HTTP/1.1" 200 None
urllib3.connectionpool - DEBUG - https://query1.finance.yahoo.com:443 "GET /v8/finance/chart/REGN?range=1d&interval=1m&includePrePost=False&events=div%2Csplits HTTP/1.1" 200 None
urllib3.connectionpool - DEBUG - Starting new HTTPS connection (1): query1.finance.yahoo.com:443
urllib3.connectionpool - DEBUG - Starting new HTTPS connection (1): query1.finance.yahoo.com:443
urllib3.connectionpool - DEBUG - https://query1.finance.yahoo.com:443 "GET /v8/finance/chart/VRSK?range=1d&interval=1m&includePrePost=False&events=div%2Csplits HTTP/1.1" 200 None
urllib3.connectionpool - DEBUG - https://query1.finance.yahoo.com:443 "GET /v8/finance/chart/VRTX?range=1d&interval=1m&includePrePost=False&events=div%2Csplits HTTP/1.1" 200 None
urllib3.connectionpool - DEBUG - Starting new HTTPS connection (1): query1.finance.yahoo.com:443
urllib3.connectionpool - DEBUG - Starting new HTTPS connection (1): query1.finance.yahoo.com:443
urllib3.connectionpool - DEBUG - https://query1.finance.yahoo.com:443 "GET /v8/finance/chart/SPLK?range=1d&interval=1m&includePrePost=False&events=div%2Csplits HTTP/1.1" 200 None
urllib3.connectionpool - DEBUG - Starting new HTTPS connection (1): query1.finance.yahoo.com:443
urllib3.connectionpool - DEBUG - https://query1.finance.yahoo.com:443 "GET /v8/finance/chart/LRCX?range=1d&interval=1m&includePrePost=False&events=div%2Csplits HTTP/1.1" 200 None
urllib3.connectionpool - DEBUG - Starting new HTTPS connection (1): query1.finance.yahoo.com:443
urllib3.connectionpool - DEBUG - https://query1.finance.yahoo.com:443 "GET /v8/finance/chart/ALGN?range=1d&interval=1m&includePrePost=False&events=div%2Csplits HTTP/1.1" 200 None
urllib3.connectionpool - DEBUG - https://query1.finance.yahoo.com:443 "GET /v8/finance/chart/CDW?range=1d&interval=1m&includePrePost=False&events=div%2Csplits HTTP/1.1" 200 None
urllib3.connectionpool - DEBUG - Starting new HTTPS connection (1): query1.finance.yahoo.com:443
urllib3.connectionpool - DEBUG - Starting new HTTPS connection (1): query1.finance.yahoo.com:443
urllib3.connectionpool - DEBUG - https://query1.finance.yahoo.com:443 "GET /v8/finance/chart/NTES?range=1d&interval=1m&includePrePost=False&events=div%2Csplits HTTP/1.1" 200 None
urllib3.connectionpool - DEBUG - Starting new HTTPS connection (1): query1.finance.yahoo.com:443
urllib3.connectionpool - DEBUG - https://query1.finance.yahoo.com:443 "GET /v8/finance/chart/TTWO?range=1d&interval=1m&includePrePost=False&events=div%2Csplits HTTP/1.1" 200 None
urllib3.connectionpool - DEBUG - Starting new HTTPS connection (1): query1.finance.yahoo.com:443
urllib3.connectionpool - DEBUG - https://query1.finance.yahoo.com:443 "GET /v8/finance/chart/TCOM?range=1d&interval=1m&includePrePost=False&events=div%2Csplits HTTP/1.1" 200 None
urllib3.connectionpool - DEBUG - https://query1.finance.yahoo.com:443 "GET /v8/finance/chart/CSCO?range=1d&interval=1m&includePrePost=False&events=div%2Csplits HTTP/1.1" 200 None
urllib3.connectionpool - DEBUG - Starting new HTTPS connection (1): query1.finance.yahoo.com:443
urllib3.connectionpool - DEBUG - Starting new HTTPS connection (1): query1.finance.yahoo.com:443
urllib3.connectionpool - DEBUG - https://query1.finance.yahoo.com:443 "GET /v8/finance/chart/CERN?range=1d&interval=1m&includePrePost=False&events=div%2Csplits HTTP/1.1" 200 None
urllib3.connectionpool - DEBUG - Starting new HTTPS connection (1): query1.finance.yahoo.com:443
urllib3.connectionpool - DEBUG - https://query1.finance.yahoo.com:443 "GET /v8/finance/chart/GOOG?range=1d&interval=1m&includePrePost=False&events=div%2Csplits HTTP/1.1" 200 None
urllib3.connectionpool - DEBUG - Starting new HTTPS connection (1): query1.finance.yahoo.com:443
urllib3.connectionpool - DEBUG - https://query1.finance.yahoo.com:443 "GET /v8/finance/chart/MCHP?range=1d&interval=1m&includePrePost=False&events=div%2Csplits HTTP/1.1" 200 None
urllib3.connectionpool - DEBUG - https://query1.finance.yahoo.com:443 "GET /v8/finance/chart/FAST?range=1d&interval=1m&includePrePost=False&events=div%2Csplits HTTP/1.1" 200 None
urllib3.connectionpool - DEBUG - Starting new HTTPS connection (1): query1.finance.yahoo.com:443
urllib3.connectionpool - DEBUG - Starting new HTTPS connection (1): query1.finance.yahoo.com:443
urllib3.connectionpool - DEBUG - https://query1.finance.yahoo.com:443 "GET /v8/finance/chart/PAYX?range=1d&interval=1m&includePrePost=False&events=div%2Csplits HTTP/1.1" 200 None
urllib3.connectionpool - DEBUG - Starting new HTTPS connection (1): query1.finance.yahoo.com:443
urllib3.connectionpool - DEBUG - https://query1.finance.yahoo.com:443 "GET /v8/finance/chart/NVDA?range=1d&interval=1m&includePrePost=False&events=div%2Csplits HTTP/1.1" 200 None
urllib3.connectionpool - DEBUG - Starting new HTTPS connection (1): query1.finance.yahoo.com:443
urllib3.connectionpool - DEBUG - https://query1.finance.yahoo.com:443 "GET /v8/finance/chart/KHC?range=1d&interval=1m&includePrePost=False&events=div%2Csplits HTTP/1.1" 200 None
urllib3.connectionpool - DEBUG - https://query1.finance.yahoo.com:443 "GET /v8/finance/chart/ISRG?range=1d&interval=1m&includePrePost=False&events=div%2Csplits HTTP/1.1" 200 None
urllib3.connectionpool - DEBUG - Starting new HTTPS connection (1): query1.finance.yahoo.com:443
urllib3.connectionpool - DEBUG - Starting new HTTPS connection (1): query1.finance.yahoo.com:443
urllib3.connectionpool - DEBUG - https://query1.finance.yahoo.com:443 "GET /v8/finance/chart/AMD?range=1d&interval=1m&includePrePost=False&events=div%2Csplits HTTP/1.1" 200 None
urllib3.connectionpool - DEBUG - https://query1.finance.yahoo.com:443 "GET /v8/finance/chart/NTAP?range=1d&interval=1m&includePrePost=False&events=div%2Csplits HTTP/1.1" 200 None
urllib3.connectionpool - DEBUG - https://query1.finance.yahoo.com:443 "GET /v8/finance/chart/ADBE?range=1d&interval=1m&includePrePost=False&events=div%2Csplits HTTP/1.1" 200 None
urllib3.connectionpool - DEBUG - https://query1.finance.yahoo.com:443 "GET /v8/finance/chart/CHTR?range=1d&interval=1m&includePrePost=False&events=div%2Csplits HTTP/1.1" 200 None
urllib3.connectionpool - DEBUG - Starting new HTTPS connection (1): query1.finance.yahoo.com:443
urllib3.connectionpool - DEBUG - Starting new HTTPS connection (1): query1.finance.yahoo.com:443
urllib3.connectionpool - DEBUG - Starting new HTTPS connection (1): query1.finance.yahoo.com:443
urllib3.connectionpool - DEBUG - Starting new HTTPS connection (1): query1.finance.yahoo.com:443
urllib3.connectionpool - DEBUG - https://query1.finance.yahoo.com:443 "GET /v8/finance/chart/MAR?range=5d&interval=1m&includePrePost=False&events=div%2Csplits HTTP/1.1" 200 None
urllib3.connectionpool - DEBUG - https://query1.finance.yahoo.com:443 "GET /v8/finance/chart/BKNG?range=5d&interval=1m&includePrePost=False&events=div%2Csplits HTTP/1.1" 200 None
urllib3.connectionpool - DEBUG - https://query1.finance.yahoo.com:443 "GET /v8/finance/chart/MXIM?range=5d&interval=1m&includePrePost=False&events=div%2Csplits HTTP/1.1" 200 None
urllib3.connectionpool - DEBUG - https://query1.finance.yahoo.com:443 "GET /v8/finance/chart/XEL?range=5d&interval=1m&includePrePost=False&events=div%2Csplits HTTP/1.1" 200 None
urllib3.connectionpool - DEBUG - Starting new HTTPS connection (1): query1.finance.yahoo.com:443
urllib3.connectionpool - DEBUG - Starting new HTTPS connection (1): query1.finance.yahoo.com:443
urllib3.connectionpool - DEBUG - Starting new HTTPS connection (1): query1.finance.yahoo.com:443
urllib3.connectionpool - DEBUG - Starting new HTTPS connection (1): query1.finance.yahoo.com:443
urllib3.connectionpool - DEBUG - https://query1.finance.yahoo.com:443 "GET /v8/finance/chart/ADI?range=5d&interval=1m&includePrePost=False&events=div%2Csplits HTTP/1.1" 200 None
urllib3.connectionpool - DEBUG - https://query1.finance.yahoo.com:443 "GET /v8/finance/chart/ALXN?range=5d&interval=1m&includePrePost=False&events=div%2Csplits HTTP/1.1" 200 None
urllib3.connectionpool - DEBUG - https://query1.finance.yahoo.com:443 "GET /v8/finance/chart/CTSH?range=5d&interval=1m&includePrePost=False&events=div%2Csplits HTTP/1.1" 200 None
urllib3.connectionpool - DEBUG - https://query1.finance.yahoo.com:443 "GET /v8/finance/chart/NFLX?range=5d&interval=1m&includePrePost=False&events=div%2Csplits HTTP/1.1" 200 None
urllib3.connectionpool - DEBUG - Starting new HTTPS connection (1): query1.finance.yahoo.com:443
urllib3.connectionpool - DEBUG - Starting new HTTPS connection (1): query1.finance.yahoo.com:443
urllib3.connectionpool - DEBUG - Starting new HTTPS connection (1): query1.finance.yahoo.com:443
urllib3.connectionpool - DEBUG - Starting new HTTPS connection (1): query1.finance.yahoo.com:443
urllib3.connectionpool - DEBUG - https://query1.finance.yahoo.com:443 "GET /v8/finance/chart/SIRI?range=5d&interval=1m&includePrePost=False&events=div%2Csplits HTTP/1.1" 200 None
urllib3.connectionpool - DEBUG - https://query1.finance.yahoo.com:443 "GET /v8/finance/chart/FISV?range=5d&interval=1m&includePrePost=False&events=div%2Csplits HTTP/1.1" 200 None
urllib3.connectionpool - DEBUG - https://query1.finance.yahoo.com:443 "GET /v8/finance/chart/ADSK?range=5d&interval=1m&includePrePost=False&events=div%2Csplits HTTP/1.1" 200 None
urllib3.connectionpool - DEBUG - https://query1.finance.yahoo.com:443 "GET /v8/finance/chart/WLTW?range=5d&interval=1m&includePrePost=False&events=div%2Csplits HTTP/1.1" 200 None
urllib3.connectionpool - DEBUG - Starting new HTTPS connection (1): query1.finance.yahoo.com:443
urllib3.connectionpool - DEBUG - Starting new HTTPS connection (1): query1.finance.yahoo.com:443
urllib3.connectionpool - DEBUG - Starting new HTTPS connection (1): query1.finance.yahoo.com:443
urllib3.connectionpool - DEBUG - Starting new HTTPS connection (1): query1.finance.yahoo.com:443
urllib3.connectionpool - DEBUG - https://query1.finance.yahoo.com:443 "GET /v8/finance/chart/CHKP?range=5d&interval=1m&includePrePost=False&events=div%2Csplits HTTP/1.1" 200 None
urllib3.connectionpool - DEBUG - https://query1.finance.yahoo.com:443 "GET /v8/finance/chart/CSX?range=5d&interval=1m&includePrePost=False&events=div%2Csplits HTTP/1.1" 200 None
urllib3.connectionpool - DEBUG - https://query1.finance.yahoo.com:443 "GET /v8/finance/chart/MELI?range=5d&interval=1m&includePrePost=False&events=div%2Csplits HTTP/1.1" 200 None
urllib3.connectionpool - DEBUG - https://query1.finance.yahoo.com:443 "GET /v8/finance/chart/CTXS?range=5d&interval=1m&includePrePost=False&events=div%2Csplits HTTP/1.1" 200 None
urllib3.connectionpool - DEBUG - Starting new HTTPS connection (1): query1.finance.yahoo.com:443
urllib3.connectionpool - DEBUG - Starting new HTTPS connection (1): query1.finance.yahoo.com:443
urllib3.connectionpool - DEBUG - Starting new HTTPS connection (1): query1.finance.yahoo.com:443
urllib3.connectionpool - DEBUG - Starting new HTTPS connection (1): query1.finance.yahoo.com:443
urllib3.connectionpool - DEBUG - https://query1.finance.yahoo.com:443 "GET /v8/finance/chart/QCOM?range=5d&interval=1m&includePrePost=False&events=div%2Csplits HTTP/1.1" 200 None
urllib3.connectionpool - DEBUG - https://query1.finance.yahoo.com:443 "GET /v8/finance/chart/TSLA?range=5d&interval=1m&includePrePost=False&events=div%2Csplits HTTP/1.1" 200 None
urllib3.connectionpool - DEBUG - https://query1.finance.yahoo.com:443 "GET /v8/finance/chart/ATVI?range=5d&interval=1m&includePrePost=False&events=div%2Csplits HTTP/1.1" 200 None
urllib3.connectionpool - DEBUG - https://query1.finance.yahoo.com:443 "GET /v8/finance/chart/MSFT?range=5d&interval=1m&includePrePost=False&events=div%2Csplits HTTP/1.1" 200 None
urllib3.connectionpool - DEBUG - Starting new HTTPS connection (1): query1.finance.yahoo.com:443
urllib3.connectionpool - DEBUG - Starting new HTTPS connection (1): query1.finance.yahoo.com:443
urllib3.connectionpool - DEBUG - Starting new HTTPS connection (1): query1.finance.yahoo.com:443
urllib3.connectionpool - DEBUG - Starting new HTTPS connection (1): query1.finance.yahoo.com:443
urllib3.connectionpool - DEBUG - https://query1.finance.yahoo.com:443 "GET /v8/finance/chart/MDLZ?range=5d&interval=1m&includePrePost=False&events=div%2Csplits HTTP/1.1" 200 None
urllib3.connectionpool - DEBUG - https://query1.finance.yahoo.com:443 "GET /v8/finance/chart/SWKS?range=5d&interval=1m&includePrePost=False&events=div%2Csplits HTTP/1.1" 200 None
urllib3.connectionpool - DEBUG - Starting new HTTPS connection (1): query1.finance.yahoo.com:443
urllib3.connectionpool - DEBUG - https://query1.finance.yahoo.com:443 "GET /v8/finance/chart/JD?range=5d&interval=1m&includePrePost=False&events=div%2Csplits HTTP/1.1" 200 None
urllib3.connectionpool - DEBUG - https://query1.finance.yahoo.com:443 "GET /v8/finance/chart/AAL?range=5d&interval=1m&includePrePost=False&events=div%2Csplits HTTP/1.1" 200 None
urllib3.connectionpool - DEBUG - Starting new HTTPS connection (1): query1.finance.yahoo.com:443
urllib3.connectionpool - DEBUG - Starting new HTTPS connection (1): query1.finance.yahoo.com:443
urllib3.connectionpool - DEBUG - Starting new HTTPS connection (1): query1.finance.yahoo.com:443
urllib3.connectionpool - DEBUG - https://query1.finance.yahoo.com:443 "GET /v8/finance/chart/GOOGL?range=5d&interval=1m&includePrePost=False&events=div%2Csplits HTTP/1.1" 200 None
urllib3.connectionpool - DEBUG - Starting new HTTPS connection (1): query1.finance.yahoo.com:443
urllib3.connectionpool - DEBUG - https://query1.finance.yahoo.com:443 "GET /v8/finance/chart/VRSN?range=5d&interval=1m&includePrePost=False&events=div%2Csplits HTTP/1.1" 200 None
urllib3.connectionpool - DEBUG - https://query1.finance.yahoo.com:443 "GET /v8/finance/chart/WBA?range=5d&interval=1m&includePrePost=False&events=div%2Csplits HTTP/1.1" 200 None
urllib3.connectionpool - DEBUG - https://query1.finance.yahoo.com:443 "GET /v8/finance/chart/CMCSA?range=5d&interval=1m&includePrePost=False&events=div%2Csplits HTTP/1.1" 200 None
urllib3.connectionpool - DEBUG - https://query1.finance.yahoo.com:443 "GET /v8/finance/chart/ILMN?range=5d&interval=1m&includePrePost=False&events=div%2Csplits HTTP/1.1" 200 None
urllib3.connectionpool - DEBUG - Starting new HTTPS connection (1): query1.finance.yahoo.com:443
urllib3.connectionpool - DEBUG - Starting new HTTPS connection (1): query1.finance.yahoo.com:443
urllib3.connectionpool - DEBUG - Starting new HTTPS connection (1): query1.finance.yahoo.com:443
urllib3.connectionpool - DEBUG - Starting new HTTPS connection (1): query1.finance.yahoo.com:443
urllib3.connectionpool - DEBUG - https://query1.finance.yahoo.com:443 "GET /v8/finance/chart/ROST?range=5d&interval=1m&includePrePost=False&events=div%2Csplits HTTP/1.1" 200 None
urllib3.connectionpool - DEBUG - https://query1.finance.yahoo.com:443 "GET /v8/finance/chart/SNPS?range=5d&interval=1m&includePrePost=False&events=div%2Csplits HTTP/1.1" 200 None
urllib3.connectionpool - DEBUG - Starting new HTTPS connection (1): query1.finance.yahoo.com:443
urllib3.connectionpool - DEBUG - https://query1.finance.yahoo.com:443 "GET /v8/finance/chart/CPRT?range=5d&interval=1m&includePrePost=False&events=div%2Csplits HTTP/1.1" 200 None
urllib3.connectionpool - DEBUG - https://query1.finance.yahoo.com:443 "GET /v8/finance/chart/GILD?range=5d&interval=1m&includePrePost=False&events=div%2Csplits HTTP/1.1" 200 None
urllib3.connectionpool - DEBUG - Starting new HTTPS connection (1): query1.finance.yahoo.com:443
urllib3.connectionpool - DEBUG - Starting new HTTPS connection (1): query1.finance.yahoo.com:443
urllib3.connectionpool - DEBUG - Starting new HTTPS connection (1): query1.finance.yahoo.com:443
urllib3.connectionpool - DEBUG - https://query1.finance.yahoo.com:443 "GET /v8/finance/chart/FB?range=5d&interval=1m&includePrePost=False&events=div%2Csplits HTTP/1.1" 200 None
urllib3.connectionpool - DEBUG - https://query1.finance.yahoo.com:443 "GET /v8/finance/chart/AVGO?range=5d&interval=1m&includePrePost=False&events=div%2Csplits HTTP/1.1" 200 None
urllib3.connectionpool - DEBUG - https://query1.finance.yahoo.com:443 "GET /v8/finance/chart/AAPL?range=5d&interval=1m&includePrePost=False&events=div%2Csplits HTTP/1.1" 200 None
urllib3.connectionpool - DEBUG - https://query1.finance.yahoo.com:443 "GET /v8/finance/chart/LBTYA?range=5d&interval=1m&includePrePost=False&events=div%2Csplits HTTP/1.1" 200 None
urllib3.connectionpool - DEBUG - Starting new HTTPS connection (1): query1.finance.yahoo.com:443
urllib3.connectionpool - DEBUG - Starting new HTTPS connection (1): query1.finance.yahoo.com:443
urllib3.connectionpool - DEBUG - Starting new HTTPS connection (1): query1.finance.yahoo.com:443
urllib3.connectionpool - DEBUG - Starting new HTTPS connection (1): query1.finance.yahoo.com:443
urllib3.connectionpool - DEBUG - https://query1.finance.yahoo.com:443 "GET /v8/finance/chart/EXPE?range=5d&interval=1m&includePrePost=False&events=div%2Csplits HTTP/1.1" 200 None
urllib3.connectionpool - DEBUG - https://query1.finance.yahoo.com:443 "GET /v8/finance/chart/INTC?range=5d&interval=1m&includePrePost=False&events=div%2Csplits HTTP/1.1" 200 None
urllib3.connectionpool - DEBUG - https://query1.finance.yahoo.com:443 "GET /v8/finance/chart/PCAR?range=5d&interval=1m&includePrePost=False&events=div%2Csplits HTTP/1.1" 200 None
urllib3.connectionpool - DEBUG - https://query1.finance.yahoo.com:443 "GET /v8/finance/chart/PEP?range=5d&interval=1m&includePrePost=False&events=div%2Csplits HTTP/1.1" 200 None
urllib3.connectionpool - DEBUG - Starting new HTTPS connection (1): query1.finance.yahoo.com:443
urllib3.connectionpool - DEBUG - Starting new HTTPS connection (1): query1.finance.yahoo.com:443
urllib3.connectionpool - DEBUG - Starting new HTTPS connection (1): query1.finance.yahoo.com:443
urllib3.connectionpool - DEBUG - Starting new HTTPS connection (1): query1.finance.yahoo.com:443
urllib3.connectionpool - DEBUG - https://query1.finance.yahoo.com:443 "GET /v8/finance/chart/TMUS?range=5d&interval=1m&includePrePost=False&events=div%2Csplits HTTP/1.1" 200 None
urllib3.connectionpool - DEBUG - https://query1.finance.yahoo.com:443 "GET /v8/finance/chart/ORLY?range=5d&interval=1m&includePrePost=False&events=div%2Csplits HTTP/1.1" 200 None
urllib3.connectionpool - DEBUG - https://query1.finance.yahoo.com:443 "GET /v8/finance/chart/FOXA?range=5d&interval=1m&includePrePost=False&events=div%2Csplits HTTP/1.1" 200 None
urllib3.connectionpool - DEBUG - https://query1.finance.yahoo.com:443 "GET /v8/finance/chart/XLNX?range=5d&interval=1m&includePrePost=False&events=div%2Csplits HTTP/1.1" 200 None
urllib3.connectionpool - DEBUG - Starting new HTTPS connection (1): query1.finance.yahoo.com:443
urllib3.connectionpool - DEBUG - Starting new HTTPS connection (1): query1.finance.yahoo.com:443
urllib3.connectionpool - DEBUG - Starting new HTTPS connection (1): query1.finance.yahoo.com:443
urllib3.connectionpool - DEBUG - Starting new HTTPS connection (1): query1.finance.yahoo.com:443
urllib3.connectionpool - DEBUG - https://query1.finance.yahoo.com:443 "GET /v8/finance/chart/MU?range=5d&interval=1m&includePrePost=False&events=div%2Csplits HTTP/1.1" 200 None
urllib3.connectionpool - DEBUG - https://query1.finance.yahoo.com:443 "GET /v8/finance/chart/NXPI?range=5d&interval=1m&includePrePost=False&events=div%2Csplits HTTP/1.1" 200 None
urllib3.connectionpool - DEBUG - https://query1.finance.yahoo.com:443 "GET /v8/finance/chart/IDXX?range=5d&interval=1m&includePrePost=False&events=div%2Csplits HTTP/1.1" 200 None
urllib3.connectionpool - DEBUG - https://query1.finance.yahoo.com:443 "GET /v8/finance/chart/CTAS?range=5d&interval=1m&includePrePost=False&events=div%2Csplits HTTP/1.1" 200 None
urllib3.connectionpool - DEBUG - Starting new HTTPS connection (1): query1.finance.yahoo.com:443
urllib3.connectionpool - DEBUG - Starting new HTTPS connection (1): query1.finance.yahoo.com:443
urllib3.connectionpool - DEBUG - Starting new HTTPS connection (1): query1.finance.yahoo.com:443
urllib3.connectionpool - DEBUG - Starting new HTTPS connection (1): query1.finance.yahoo.com:443
urllib3.connectionpool - DEBUG - https://query1.finance.yahoo.com:443 "GET /v8/finance/chart/EA?range=5d&interval=1m&includePrePost=False&events=div%2Csplits HTTP/1.1" 200 None
urllib3.connectionpool - DEBUG - https://query1.finance.yahoo.com:443 "GET /v8/finance/chart/ASML?range=5d&interval=1m&includePrePost=False&events=div%2Csplits HTTP/1.1" 200 None
urllib3.connectionpool - DEBUG - https://query1.finance.yahoo.com:443 "GET /v8/finance/chart/KLAC?range=5d&interval=1m&includePrePost=False&events=div%2Csplits HTTP/1.1" 200 None
urllib3.connectionpool - DEBUG - https://query1.finance.yahoo.com:443 "GET /v8/finance/chart/WDC?range=5d&interval=1m&includePrePost=False&events=div%2Csplits HTTP/1.1" 200 None
urllib3.connectionpool - DEBUG - Starting new HTTPS connection (1): query1.finance.yahoo.com:443
urllib3.connectionpool - DEBUG - Starting new HTTPS connection (1): query1.finance.yahoo.com:443
urllib3.connectionpool - DEBUG - Starting new HTTPS connection (1): query1.finance.yahoo.com:443
urllib3.connectionpool - DEBUG - Starting new HTTPS connection (1): query1.finance.yahoo.com:443
urllib3.connectionpool - DEBUG - https://query1.finance.yahoo.com:443 "GET /v8/finance/chart/DLTR?range=5d&interval=1m&includePrePost=False&events=div%2Csplits HTTP/1.1" 200 None
urllib3.connectionpool - DEBUG - Starting new HTTPS connection (1): query1.finance.yahoo.com:443
urllib3.connectionpool - DEBUG - https://query1.finance.yahoo.com:443 "GET /v8/finance/chart/FOX?range=5d&interval=1m&includePrePost=False&events=div%2Csplits HTTP/1.1" 200 None
urllib3.connectionpool - DEBUG - https://query1.finance.yahoo.com:443 "GET /v8/finance/chart/INTU?range=5d&interval=1m&includePrePost=False&events=div%2Csplits HTTP/1.1" 200 None
urllib3.connectionpool - DEBUG - https://query1.finance.yahoo.com:443 "GET /v8/finance/chart/TXN?range=5d&interval=1m&includePrePost=False&events=div%2Csplits HTTP/1.1" 200 None
urllib3.connectionpool - DEBUG - Starting new HTTPS connection (1): query1.finance.yahoo.com:443
urllib3.connectionpool - DEBUG - Starting new HTTPS connection (1): query1.finance.yahoo.com:443
urllib3.connectionpool - DEBUG - Starting new HTTPS connection (1): query1.finance.yahoo.com:443
urllib3.connectionpool - DEBUG - https://query1.finance.yahoo.com:443 "GET /v8/finance/chart/UAL?range=5d&interval=1m&includePrePost=False&events=div%2Csplits HTTP/1.1" 200 None
urllib3.connectionpool - DEBUG - https://query1.finance.yahoo.com:443 "GET /v8/finance/chart/BMRN?range=5d&interval=1m&includePrePost=False&events=div%2Csplits HTTP/1.1" 200 None
urllib3.connectionpool - DEBUG - https://query1.finance.yahoo.com:443 "GET /v8/finance/chart/AMZN?range=5d&interval=1m&includePrePost=False&events=div%2Csplits HTTP/1.1" 200 None
urllib3.connectionpool - DEBUG - Starting new HTTPS connection (1): query1.finance.yahoo.com:443
urllib3.connectionpool - DEBUG - Starting new HTTPS connection (1): query1.finance.yahoo.com:443
urllib3.connectionpool - DEBUG - https://query1.finance.yahoo.com:443 "GET /v8/finance/chart/COST?range=5d&interval=1m&includePrePost=False&events=div%2Csplits HTTP/1.1" 200 None
urllib3.connectionpool - DEBUG - Starting new HTTPS connection (1): query1.finance.yahoo.com:443
urllib3.connectionpool - DEBUG - Starting new HTTPS connection (1): query1.finance.yahoo.com:443
urllib3.connectionpool - DEBUG - https://query1.finance.yahoo.com:443 "GET /v8/finance/chart/EXC?range=5d&interval=1m&includePrePost=False&events=div%2Csplits HTTP/1.1" 200 None
urllib3.connectionpool - DEBUG - https://query1.finance.yahoo.com:443 "GET /v8/finance/chart/SGEN?range=5d&interval=1m&includePrePost=False&events=div%2Csplits HTTP/1.1" 200 None
urllib3.connectionpool - DEBUG - Starting new HTTPS connection (1): query1.finance.yahoo.com:443
urllib3.connectionpool - DEBUG - Starting new HTTPS connection (1): query1.finance.yahoo.com:443
urllib3.connectionpool - DEBUG - https://query1.finance.yahoo.com:443 "GET /v8/finance/chart/LULU?range=5d&interval=1m&includePrePost=False&events=div%2Csplits HTTP/1.1" 200 None
urllib3.connectionpool - DEBUG - https://query1.finance.yahoo.com:443 "GET /v8/finance/chart/AMGN?range=5d&interval=1m&includePrePost=False&events=div%2Csplits HTTP/1.1" 200 None
urllib3.connectionpool - DEBUG - https://query1.finance.yahoo.com:443 "GET /v8/finance/chart/PYPL?range=5d&interval=1m&includePrePost=False&events=div%2Csplits HTTP/1.1" 200 None
urllib3.connectionpool - DEBUG - Starting new HTTPS connection (1): query1.finance.yahoo.com:443
urllib3.connectionpool - DEBUG - Starting new HTTPS connection (1): query1.finance.yahoo.com:443
urllib3.connectionpool - DEBUG - Starting new HTTPS connection (1): query1.finance.yahoo.com:443
urllib3.connectionpool - DEBUG - https://query1.finance.yahoo.com:443 "GET /v8/finance/chart/BIIB?range=5d&interval=1m&includePrePost=False&events=div%2Csplits HTTP/1.1" 200 None
urllib3.connectionpool - DEBUG - https://query1.finance.yahoo.com:443 "GET /v8/finance/chart/AMAT?range=5d&interval=1m&includePrePost=False&events=div%2Csplits HTTP/1.1" 200 None
urllib3.connectionpool - DEBUG - https://query1.finance.yahoo.com:443 "GET /v8/finance/chart/WDAY?range=5d&interval=1m&includePrePost=False&events=div%2Csplits HTTP/1.1" 200 None
urllib3.connectionpool - DEBUG - https://query1.finance.yahoo.com:443 "GET /v8/finance/chart/BIDU?range=5d&interval=1m&includePrePost=False&events=div%2Csplits HTTP/1.1" 200 None
urllib3.connectionpool - DEBUG - Starting new HTTPS connection (1): query1.finance.yahoo.com:443
urllib3.connectionpool - DEBUG - Starting new HTTPS connection (1): query1.finance.yahoo.com:443
urllib3.connectionpool - DEBUG - Starting new HTTPS connection (1): query1.finance.yahoo.com:443
urllib3.connectionpool - DEBUG - Starting new HTTPS connection (1): query1.finance.yahoo.com:443
urllib3.connectionpool - DEBUG - https://query1.finance.yahoo.com:443 "GET /v8/finance/chart/CDNS?range=5d&interval=1m&includePrePost=False&events=div%2Csplits HTTP/1.1" 200 None
urllib3.connectionpool - DEBUG - https://query1.finance.yahoo.com:443 "GET /v8/finance/chart/SBUX?range=5d&interval=1m&includePrePost=False&events=div%2Csplits HTTP/1.1" 200 None
urllib3.connectionpool - DEBUG - https://query1.finance.yahoo.com:443 "GET /v8/finance/chart/ADP?range=5d&interval=1m&includePrePost=False&events=div%2Csplits HTTP/1.1" 200 None
urllib3.connectionpool - DEBUG - https://query1.finance.yahoo.com:443 "GET /v8/finance/chart/CSGP?range=5d&interval=1m&includePrePost=False&events=div%2Csplits HTTP/1.1" 200 None
urllib3.connectionpool - DEBUG - Starting new HTTPS connection (1): query1.finance.yahoo.com:443
urllib3.connectionpool - DEBUG - Starting new HTTPS connection (1): query1.finance.yahoo.com:443
urllib3.connectionpool - DEBUG - Starting new HTTPS connection (1): query1.finance.yahoo.com:443
urllib3.connectionpool - DEBUG - Starting new HTTPS connection (1): query1.finance.yahoo.com:443
urllib3.connectionpool - DEBUG - https://query1.finance.yahoo.com:443 "GET /v8/finance/chart/ULTA?range=5d&interval=1m&includePrePost=False&events=div%2Csplits HTTP/1.1" 200 None
urllib3.connectionpool - DEBUG - https://query1.finance.yahoo.com:443 "GET /v8/finance/chart/INCY?range=5d&interval=1m&includePrePost=False&events=div%2Csplits HTTP/1.1" 200 None
urllib3.connectionpool - DEBUG - https://query1.finance.yahoo.com:443 "GET /v8/finance/chart/EBAY?range=5d&interval=1m&includePrePost=False&events=div%2Csplits HTTP/1.1" 200 None
urllib3.connectionpool - DEBUG - Starting new HTTPS connection (1): query1.finance.yahoo.com:443
urllib3.connectionpool - DEBUG - https://query1.finance.yahoo.com:443 "GET /v8/finance/chart/LBTYK?range=5d&interval=1m&includePrePost=False&events=div%2Csplits HTTP/1.1" 200 None
urllib3.connectionpool - DEBUG - Starting new HTTPS connection (1): query1.finance.yahoo.com:443
urllib3.connectionpool - DEBUG - Starting new HTTPS connection (1): query1.finance.yahoo.com:443
urllib3.connectionpool - DEBUG - Starting new HTTPS connection (1): query1.finance.yahoo.com:443
urllib3.connectionpool - DEBUG - https://query1.finance.yahoo.com:443 "GET /v8/finance/chart/MNST?range=5d&interval=1m&includePrePost=False&events=div%2Csplits HTTP/1.1" 200 None
urllib3.connectionpool - DEBUG - Starting new HTTPS connection (1): query1.finance.yahoo.com:443
urllib3.connectionpool - DEBUG - https://query1.finance.yahoo.com:443 "GET /v8/finance/chart/REGN?range=5d&interval=1m&includePrePost=False&events=div%2Csplits HTTP/1.1" 200 None
urllib3.connectionpool - DEBUG - https://query1.finance.yahoo.com:443 "GET /v8/finance/chart/ANSS?range=5d&interval=1m&includePrePost=False&events=div%2Csplits HTTP/1.1" 200 None
urllib3.connectionpool - DEBUG - https://query1.finance.yahoo.com:443 "GET /v8/finance/chart/VRSK?range=5d&interval=1m&includePrePost=False&events=div%2Csplits HTTP/1.1" 200 None
urllib3.connectionpool - DEBUG - https://query1.finance.yahoo.com:443 "GET /v8/finance/chart/VRTX?range=5d&interval=1m&includePrePost=False&events=div%2Csplits HTTP/1.1" 200 None
urllib3.connectionpool - DEBUG - Starting new HTTPS connection (1): query1.finance.yahoo.com:443
urllib3.connectionpool - DEBUG - Starting new HTTPS connection (1): query1.finance.yahoo.com:443
urllib3.connectionpool - DEBUG - Starting new HTTPS connection (1): query1.finance.yahoo.com:443
urllib3.connectionpool - DEBUG - Starting new HTTPS connection (1): query1.finance.yahoo.com:443
urllib3.connectionpool - DEBUG - https://query1.finance.yahoo.com:443 "GET /v8/finance/chart/LRCX?range=5d&interval=1m&includePrePost=False&events=div%2Csplits HTTP/1.1" 200 None
urllib3.connectionpool - DEBUG - https://query1.finance.yahoo.com:443 "GET /v8/finance/chart/ALGN?range=5d&interval=1m&includePrePost=False&events=div%2Csplits HTTP/1.1" 200 None
urllib3.connectionpool - DEBUG - https://query1.finance.yahoo.com:443 "GET /v8/finance/chart/SPLK?range=5d&interval=1m&includePrePost=False&events=div%2Csplits HTTP/1.1" 200 None
urllib3.connectionpool - DEBUG - https://query1.finance.yahoo.com:443 "GET /v8/finance/chart/CDW?range=5d&interval=1m&includePrePost=False&events=div%2Csplits HTTP/1.1" 200 None
urllib3.connectionpool - DEBUG - Starting new HTTPS connection (1): query1.finance.yahoo.com:443
urllib3.connectionpool - DEBUG - Starting new HTTPS connection (1): query1.finance.yahoo.com:443
urllib3.connectionpool - DEBUG - Starting new HTTPS connection (1): query1.finance.yahoo.com:443
urllib3.connectionpool - DEBUG - Starting new HTTPS connection (1): query1.finance.yahoo.com:443
urllib3.connectionpool - DEBUG - https://query1.finance.yahoo.com:443 "GET /v8/finance/chart/NTES?range=5d&interval=1m&includePrePost=False&events=div%2Csplits HTTP/1.1" 200 None
urllib3.connectionpool - DEBUG - https://query1.finance.yahoo.com:443 "GET /v8/finance/chart/TTWO?range=5d&interval=1m&includePrePost=False&events=div%2Csplits HTTP/1.1" 200 None
urllib3.connectionpool - DEBUG - https://query1.finance.yahoo.com:443 "GET /v8/finance/chart/CSCO?range=5d&interval=1m&includePrePost=False&events=div%2Csplits HTTP/1.1" 200 None
urllib3.connectionpool - DEBUG - https://query1.finance.yahoo.com:443 "GET /v8/finance/chart/TCOM?range=5d&interval=1m&includePrePost=False&events=div%2Csplits HTTP/1.1" 200 None
urllib3.connectionpool - DEBUG - Starting new HTTPS connection (1): query1.finance.yahoo.com:443
urllib3.connectionpool - DEBUG - Starting new HTTPS connection (1): query1.finance.yahoo.com:443
urllib3.connectionpool - DEBUG - Starting new HTTPS connection (1): query1.finance.yahoo.com:443
urllib3.connectionpool - DEBUG - Starting new HTTPS connection (1): query1.finance.yahoo.com:443
urllib3.connectionpool - DEBUG - https://query1.finance.yahoo.com:443 "GET /v8/finance/chart/CERN?range=5d&interval=1m&includePrePost=False&events=div%2Csplits HTTP/1.1" 200 None
urllib3.connectionpool - DEBUG - https://query1.finance.yahoo.com:443 "GET /v8/finance/chart/GOOG?range=5d&interval=1m&includePrePost=False&events=div%2Csplits HTTP/1.1" 200 None
urllib3.connectionpool - DEBUG - https://query1.finance.yahoo.com:443 "GET /v8/finance/chart/FAST?range=5d&interval=1m&includePrePost=False&events=div%2Csplits HTTP/1.1" 200 None
urllib3.connectionpool - DEBUG - Starting new HTTPS connection (1): query1.finance.yahoo.com:443
urllib3.connectionpool - DEBUG - Starting new HTTPS connection (1): query1.finance.yahoo.com:443
urllib3.connectionpool - DEBUG - Starting new HTTPS connection (1): query1.finance.yahoo.com:443
urllib3.connectionpool - DEBUG - https://query1.finance.yahoo.com:443 "GET /v8/finance/chart/MCHP?range=5d&interval=1m&includePrePost=False&events=div%2Csplits HTTP/1.1" 200 None
urllib3.connectionpool - DEBUG - https://query1.finance.yahoo.com:443 "GET /v8/finance/chart/PAYX?range=5d&interval=1m&includePrePost=False&events=div%2Csplits HTTP/1.1" 200 None
urllib3.connectionpool - DEBUG - Starting new HTTPS connection (1): query1.finance.yahoo.com:443
urllib3.connectionpool - DEBUG - https://query1.finance.yahoo.com:443 "GET /v8/finance/chart/NVDA?range=5d&interval=1m&includePrePost=False&events=div%2Csplits HTTP/1.1" 200 None
urllib3.connectionpool - DEBUG - https://query1.finance.yahoo.com:443 "GET /v8/finance/chart/KHC?range=5d&interval=1m&includePrePost=False&events=div%2Csplits HTTP/1.1" 200 None
urllib3.connectionpool - DEBUG - Starting new HTTPS connection (1): query1.finance.yahoo.com:443
urllib3.connectionpool - DEBUG - Starting new HTTPS connection (1): query1.finance.yahoo.com:443
urllib3.connectionpool - DEBUG - Starting new HTTPS connection (1): query1.finance.yahoo.com:443
urllib3.connectionpool - DEBUG - https://query1.finance.yahoo.com:443 "GET /v8/finance/chart/ISRG?range=5d&interval=1m&includePrePost=False&events=div%2Csplits HTTP/1.1" 200 None
urllib3.connectionpool - DEBUG - https://query1.finance.yahoo.com:443 "GET /v8/finance/chart/AMD?range=5d&interval=1m&includePrePost=False&events=div%2Csplits HTTP/1.1" 200 None
urllib3.connectionpool - DEBUG - Starting new HTTPS connection (1): query1.finance.yahoo.com:443
urllib3.connectionpool - DEBUG - https://query1.finance.yahoo.com:443 "GET /v8/finance/chart/NTAP?range=5d&interval=1m&includePrePost=False&events=div%2Csplits HTTP/1.1" 200 None
urllib3.connectionpool - DEBUG - https://query1.finance.yahoo.com:443 "GET /v8/finance/chart/ADBE?range=5d&interval=1m&includePrePost=False&events=div%2Csplits HTTP/1.1" 200 None
urllib3.connectionpool - DEBUG - https://query1.finance.yahoo.com:443 "GET /v8/finance/chart/CHTR?range=5d&interval=1m&includePrePost=False&events=div%2Csplits HTTP/1.1" 200 None
root - ERROR - list index out of range
