matplotlib - DEBUG - $HOME=C:\Users\soumy
matplotlib - DEBUG - CONFIGDIR=C:\Users\soumy\.matplotlib
matplotlib - DEBUG - matplotlib data path: C:\Users\soumy\anaconda3\lib\site-packages\matplotlib\mpl-data
matplotlib - DEBUG - loaded rc file C:\Users\soumy\anaconda3\lib\site-packages\matplotlib\mpl-data\matplotlibrc
matplotlib - DEBUG - matplotlib version 3.1.3
matplotlib - DEBUG - interactive is False
matplotlib - DEBUG - platform is win32
matplotlib - DEBUG - loaded modules: ['sys', 'builtins', '_frozen_importlib', '_imp', '_thread', '_warnings', '_weakref', 'zipimport', '_frozen_importlib_external', '_io', 'marshal', 'nt', 'winreg', 'encodings', 'codecs', '_codecs', 'encodings.aliases', 'encodings.utf_8', '_signal', '__main__', 'encodings.latin_1', 'io', 'abc', '_abc', 'site', 'os', 'stat', '_stat', 'ntpath', 'genericpath', 'os.path', '_collections_abc', '_sitebuiltins', '_bootlocale', '_locale', 'encodings.cp1252', 'types', 'importlib', 'importlib._bootstrap', 'importlib._bootstrap_external', 'warnings', 'importlib.util', 'importlib.abc', 'importlib.machinery', 'contextlib', 'collections', 'operator', '_operator', 'keyword', 'heapq', '_heapq', 'itertools', 'reprlib', '_collections', 'functools', '_functools', 'google', 'mpl_toolkits', 'sphinxcontrib', 'time', 'datetime', 'math', '_datetime', 'schedule', 'logging', 'traceback', 'linecache', 'tokenize', 're', 'enum', 'sre_compile', '_sre', 'sre_parse', 'sre_constants', 'copyreg', 'token', 'weakref', '_weakrefset', 'collections.abc', 'string', '_string', 'threading', 'atexit', 'random', 'hashlib', '_hashlib', '_blake2', '_sha3', 'bisect', '_bisect', '_random', 'yahoofinance', 'yahoofinance.constants', 'yahoofinance.yahoofinance_manager', 'yfinance', 'yfinance.ticker', '__future__', 'requests', 'urllib3', 'urllib3.connectionpool', 'errno', 'socket', '_socket', 'selectors', 'select', 'urllib3.exceptions', 'urllib3.packages', 'urllib3.packages.ssl_match_hostname', 'ssl', '_ssl', 'base64', 'struct', '_struct', 'binascii', 'urllib3.packages.six', 'urllib3.packages.six.moves', 'http', 'http.client', 'email', 'email.parser', 'email.feedparser', 'email.errors', 'email._policybase', 'email.header', 'email.quoprimime', 'email.base64mime', 'email.charset', 'email.encoders', 'quopri', 'email.utils', 'urllib', 'urllib.parse', 'email._parseaddr', 'calendar', 'locale', 'email.message', 'uu', 'email._encoded_words', 'email.iterators', 'urllib3.packages.six.moves.http_client', 'queue', '_queue', 'urllib3.connection', 'urllib3.util', 'urllib3.util.connection', 'urllib3.util.wait', 'urllib3.contrib', 'urllib3.contrib._appengine_environ', 'urllib3.util.request', 'urllib3.util.response', 'urllib3.util.ssl_', 'hmac', 'urllib3.util.url', 'urllib3.util.timeout', 'urllib3.util.retry', 'urllib3._collections', 'urllib3.request', 'urllib3.filepost', 'urllib3.fields', 'mimetypes', 'posixpath', 'urllib3.packages.six.moves.urllib', 'urllib3.packages.six.moves.urllib.parse', 'urllib3.response', 'zlib', 'urllib3.util.queue', 'urllib3.poolmanager', 'chardet', 'chardet.compat', 'chardet.universaldetector', 'chardet.charsetgroupprober', 'chardet.enums', 'chardet.charsetprober', 'chardet.escprober', 'chardet.codingstatemachine', 'chardet.escsm', 'chardet.latin1prober', 'chardet.mbcsgroupprober', 'chardet.utf8prober', 'chardet.mbcssm', 'chardet.sjisprober', 'chardet.mbcharsetprober', 'chardet.chardistribution', 'chardet.euctwfreq', 'chardet.euckrfreq', 'chardet.gb2312freq', 'chardet.big5freq', 'chardet.jisfreq', 'chardet.jpcntx', 'chardet.eucjpprober', 'chardet.gb2312prober', 'chardet.euckrprober', 'chardet.cp949prober', 'chardet.big5prober', 'chardet.euctwprober', 'chardet.sbcsgroupprober', 'chardet.sbcharsetprober', 'chardet.langcyrillicmodel', 'chardet.langgreekmodel', 'chardet.langbulgarianmodel', 'chardet.langthaimodel', 'chardet.langhebrewmodel', 'chardet.hebrewprober', 'chardet.langturkishmodel', 'chardet.version', 'requests.exceptions', 'urllib3.contrib.pyopenssl', 'OpenSSL', 'OpenSSL.crypto', 'six', 'cryptography', 'cryptography.__about__', 'cryptography.x509', 'cryptography.x509.certificate_transparency', 'cryptography.x509.base', 'cryptography.utils', 'inspect', 'dis', 'opcode', '_opcode', 'cryptography.hazmat', 'cryptography.hazmat.primitives', 'cryptography.hazmat.primitives.asymmetric', 'cryptography.hazmat.primitives.asymmetric.dsa', 'cryptography.hazmat.primitives.asymmetric.ec', 'cryptography.hazmat._oid', 'cryptography.hazmat.primitives.asymmetric.ed25519', 'cryptography.exceptions', 'cryptography.hazmat.primitives.asymmetric.ed448', 'cryptography.hazmat.primitives.asymmetric.rsa', 'cryptography.hazmat.backends', 'cryptography.hazmat.backends.interfaces', 'cryptography.x509.extensions', 'ipaddress', 'cryptography.hazmat._der', 'cryptography.hazmat.primitives.constant_time', 'cryptography.hazmat.bindings', '_cffi_backend', '_constant_time.lib', '_constant_time', 'cryptography.hazmat.bindings._constant_time', 'cryptography.hazmat.primitives.serialization', 'cryptography.hazmat.primitives.serialization.base', 'cryptography.hazmat.primitives.serialization.ssh', 'cryptography.x509.general_name', 'six.moves', 'cryptography.x509.name', 'cryptography.x509.oid', 'cryptography.hazmat.primitives.hashes', 'OpenSSL._util', 'cryptography.hazmat.bindings.openssl', 'cryptography.hazmat.bindings.openssl.binding', '_openssl.lib', '_openssl', 'cryptography.hazmat.bindings._openssl', 'cryptography.hazmat.bindings.openssl._conditional', 'OpenSSL.SSL', 'OpenSSL.version', 'cryptography.hazmat.backends.openssl', 'cryptography.hazmat.backends.openssl.backend', 'cryptography.hazmat.backends.openssl.aead', 'cryptography.hazmat.backends.openssl.ciphers', 'cryptography.hazmat.primitives.ciphers', 'cryptography.hazmat.primitives.ciphers.base', 'cryptography.hazmat.primitives.ciphers.modes', 'cryptography.hazmat.backends.openssl.cmac', 'cryptography.hazmat.backends.openssl.decode_asn1', 'cryptography.hazmat.backends.openssl.dh', 'cryptography.hazmat.primitives.asymmetric.dh', 'cryptography.hazmat.backends.openssl.dsa', 'cryptography.hazmat.backends.openssl.utils', 'cryptography.hazmat.primitives.asymmetric.utils', 'cryptography.hazmat.backends.openssl.ec', 'cryptography.hazmat.backends.openssl.ed25519', 'cryptography.hazmat.backends.openssl.ed448', 'cryptography.hazmat.backends.openssl.encode_asn1', 'cryptography.hazmat.backends.openssl.hashes', 'cryptography.hazmat.backends.openssl.hmac', 'cryptography.hazmat.backends.openssl.ocsp', 'cryptography.hazmat.backends.openssl.x509', 'cryptography.x509.ocsp', 'cryptography.hazmat.backends.openssl.poly1305', 'cryptography.hazmat.backends.openssl.rsa', 'cryptography.hazmat.primitives.asymmetric.padding', 'cryptography.hazmat.backends.openssl.x25519', 'cryptography.hazmat.primitives.asymmetric.x25519', 'cryptography.hazmat.backends.openssl.x448', 'cryptography.hazmat.primitives.asymmetric.x448', 'cryptography.hazmat.primitives.ciphers.algorithms', 'cryptography.hazmat.primitives.kdf', 'cryptography.hazmat.primitives.kdf.scrypt', 'urllib3.packages.backports', 'urllib3.packages.backports.makefile', 'requests.__version__', 'requests.utils', 'tempfile', 'shutil', 'fnmatch', 'bz2', '_compression', '_bz2', 'lzma', '_lzma', 'zipfile', 'requests.certs', 'certifi', 'certifi.core', 'requests._internal_utils', 'requests.compat', 'json', 'json.decoder', 'json.scanner', '_json', 'json.encoder', 'urllib.request', 'urllib.error', 'urllib.response', 'nturl2path', 'http.cookiejar', 'copy', 'http.cookies', 'requests.cookies', 'requests.structures', 'requests.packages', 'requests.packages.urllib3', 'requests.packages.urllib3.connectionpool', 'requests.packages.urllib3.exceptions', 'requests.packages.urllib3.packages', 'requests.packages.urllib3.packages.ssl_match_hostname', 'requests.packages.urllib3.packages.six', 'requests.packages.urllib3.packages.six.moves', 'requests.packages.urllib3.packages.six.moves.http_client', 'requests.packages.urllib3.connection', 'requests.packages.urllib3.util', 'requests.packages.urllib3.util.connection', 'requests.packages.urllib3.util.wait', 'requests.packages.urllib3.contrib', 'requests.packages.urllib3.contrib._appengine_environ', 'requests.packages.urllib3.util.request', 'requests.packages.urllib3.util.response', 'requests.packages.urllib3.util.ssl_', 'requests.packages.urllib3.util.url', 'requests.packages.urllib3.util.timeout', 'requests.packages.urllib3.util.retry', 'requests.packages.urllib3._collections', 'requests.packages.urllib3.request', 'requests.packages.urllib3.filepost', 'requests.packages.urllib3.fields', 'requests.packages.urllib3.packages.six.moves.urllib', 'requests.packages.urllib3.packages.six.moves.urllib.parse', 'requests.packages.urllib3.response', 'requests.packages.urllib3.util.queue', 'requests.packages.urllib3.poolmanager', 'requests.packages.urllib3.contrib.pyopenssl', 'requests.packages.urllib3.packages.backports', 'requests.packages.urllib3.packages.backports.makefile', 'idna', 'idna.package_data', 'idna.core', 'idna.idnadata', 'unicodedata', 'idna.intranges', 'requests.packages.idna', 'requests.packages.idna.package_data', 'requests.packages.idna.core', 'requests.packages.idna.idnadata', 'requests.packages.idna.intranges', 'requests.packages.chardet', 'requests.packages.chardet.compat', 'requests.packages.chardet.universaldetector', 'requests.packages.chardet.charsetgroupprober', 'requests.packages.chardet.enums', 'requests.packages.chardet.charsetprober', 'requests.packages.chardet.escprober', 'requests.packages.chardet.codingstatemachine', 'requests.packages.chardet.escsm', 'requests.packages.chardet.latin1prober', 'requests.packages.chardet.mbcsgroupprober', 'requests.packages.chardet.utf8prober', 'requests.packages.chardet.mbcssm', 'requests.packages.chardet.sjisprober', 'requests.packages.chardet.mbcharsetprober', 'requests.packages.chardet.chardistribution', 'requests.packages.chardet.euctwfreq', 'requests.packages.chardet.euckrfreq', 'requests.packages.chardet.gb2312freq', 'requests.packages.chardet.big5freq', 'requests.packages.chardet.jisfreq', 'requests.packages.chardet.jpcntx', 'requests.packages.chardet.eucjpprober', 'requests.packages.chardet.gb2312prober', 'requests.packages.chardet.euckrprober', 'requests.packages.chardet.cp949prober', 'requests.packages.chardet.big5prober', 'requests.packages.chardet.euctwprober', 'requests.packages.chardet.sbcsgroupprober', 'requests.packages.chardet.sbcharsetprober', 'requests.packages.chardet.langcyrillicmodel', 'requests.packages.chardet.langgreekmodel', 'requests.packages.chardet.langbulgarianmodel', 'requests.packages.chardet.langthaimodel', 'requests.packages.chardet.langhebrewmodel', 'requests.packages.chardet.hebrewprober', 'requests.packages.chardet.langturkishmodel', 'requests.packages.chardet.version', 'requests.models', 'encodings.idna', 'stringprep', 'requests.hooks', 'requests.auth', 'requests.status_codes', 'requests.api', 'requests.sessions', 'requests.adapters', 'urllib3.contrib.socks', 'socks', 'pandas', 'numpy', 'numpy._globals', 'numpy.__config__', 'numpy.version', 'numpy._distributor_init', 'ctypes', '_ctypes', 'ctypes._endian', 'glob', 'numpy.core', 'numpy.core.multiarray', 'numpy.core.overrides', 'textwrap', 'numpy.core._multiarray_umath', 'numpy.compat', 'numpy.compat._inspect', 'numpy.compat.py3k', 'pathlib', 'pickle', '_compat_pickle', '_pickle', 'numpy.core.umath', 'numpy.core.numerictypes', 'numbers', 'numpy.core._string_helpers', 'numpy.core._type_aliases', 'numpy.core._dtype', 'numpy.core.numeric', 'numpy.core.shape_base', 'numpy.core._asarray', 'numpy.core.fromnumeric', 'numpy.core._methods', 'numpy.core._exceptions', 'numpy.core._ufunc_config', 'numpy.core.arrayprint', 'numpy.core.defchararray', 'numpy.core.records', 'numpy.core.memmap', 'numpy.core.function_base', 'numpy.core.machar', 'numpy.core.getlimits', 'numpy.core.einsumfunc', 'numpy.core._add_newdocs', 'numpy.core._multiarray_tests', 'numpy.core._dtype_ctypes', 'numpy.core._internal', 'platform', 'subprocess', 'signal', 'msvcrt', '_winapi', 'numpy._pytesttester', 'numpy.lib', 'numpy.lib.mixins', 'numpy.lib.scimath', 'numpy.lib.type_check', 'numpy.lib.ufunclike', 'numpy.lib.index_tricks', 'numpy.matrixlib', 'numpy.matrixlib.defmatrix', 'ast', '_ast', 'numpy.linalg', 'numpy.linalg.linalg', 'numpy.lib.twodim_base', 'numpy.linalg.lapack_lite', 'numpy.linalg._umath_linalg', 'numpy.lib.function_base', 'numpy.lib.histograms', 'numpy.lib.stride_tricks', 'numpy.lib.nanfunctions', 'numpy.lib.shape_base', 'numpy.lib.polynomial', 'numpy.lib.utils', 'numpy.lib.arraysetops', 'numpy.lib.npyio', 'numpy.lib.format', 'numpy.lib._datasource', 'numpy.lib._iotools', 'numpy.lib.financial', 'decimal', '_decimal', 'numpy.lib.arrayterator', 'numpy.lib.arraypad', 'numpy.lib._version', 'numpy.fft', 'numpy.fft._pocketfft', 'numpy.fft._pocketfft_internal', 'numpy.fft.helper', 'numpy.polynomial', 'numpy.polynomial.polynomial', 'numpy.polynomial.polyutils', 'numpy.polynomial._polybase', 'numpy.polynomial.chebyshev', 'numpy.polynomial.legendre', 'numpy.polynomial.hermite', 'numpy.polynomial.hermite_e', 'numpy.polynomial.laguerre', 'numpy.random', 'numpy.random._pickle', 'numpy.random.mtrand', 'cython_runtime', 'numpy.random._bit_generator', '_cython_0_29_17', 'numpy.random._common', 'secrets', 'numpy.random._bounded_integers', 'numpy.random._mt19937', 'numpy.random._philox', 'numpy.random._pcg64', 'numpy.random._sfc64', 'numpy.random._generator', 'numpy.ctypeslib', 'numpy.ma', 'numpy.ma.core', 'numpy.ma.extras', 'pytz', 'pytz.exceptions', 'pytz.lazy', 'pytz.tzinfo', 'pytz.tzfile', 'dateutil', 'dateutil._version', 'pandas.compat', 'pandas.compat.numpy', 'distutils', 'distutils.version', 'pandas._libs', 'pandas._libs.tslibs', 'pandas._libs.tslibs.conversion', 'pandas._libs.tslibs.c_timestamp', 'pandas._libs.tslibs.nattype', '_cython_0_29_14', 'pandas._libs.tslibs.np_datetime', 'pandas._libs.tslibs.timezones', 'dateutil.tz', 'dateutil.tz.tz', 'dateutil.tz._common', 'dateutil.tz._factories', 'dateutil.tz.win', 'ctypes.wintypes', 'pandas._libs.tslibs.tzconversion', 'pandas._libs.tslibs.timedeltas', 'pandas._libs.tslibs.offsets', 'pandas._libs.tslibs.ccalendar', 'pandas._config', 'pandas._config.config', 'typing', 'typing.io', 'typing.re', 'pandas._config.dates', 'pandas._config.display', 'pandas._config.localization', 'pandas._libs.tslibs.strptime', 'dateutil.relativedelta', 'dateutil._common', 'pandas._libs.tslibs.fields', 'pandas._libs.tslibs.parsing', 'pandas._libs.tslibs.frequencies', 'dateutil.parser', 'dateutil.parser._parser', 'dateutil.parser.isoparser', 'pandas._libs.tslibs.period', 'pandas._libs.tslibs.timestamps', 'pandas._libs.tslibs.resolution', 'pandas._libs.hashtable', 'pandas._libs.missing', 'pandas._libs.ops_dispatch', 'pandas._libs.lib', 'fractions', 'pandas._libs.tslib', 'pandas.core', 'pandas.core.config_init', 'pandas.core.api', 'pandas.core.dtypes', 'pandas.core.dtypes.dtypes', 'pandas._libs.interval', 'pandas._libs.algos', 'pandas._typing', 'pandas.core.dtypes.base', 'pandas.errors', 'pandas.core.dtypes.generic', 'pandas.core.dtypes.inference', 'pandas.core.dtypes.missing', 'pandas.core.dtypes.common', 'pandas.core.algorithms', 'pandas.util', 'pandas.util._decorators', 'pandas._libs.properties', 'pandas.core.util', 'pandas.core.util.hashing', 'pandas._libs.hashing', 'pandas.core.dtypes.cast', 'pandas.util._validators', 'pandas.core.common', 'pandas.core.construction', 'pandas.core.indexers', 'pandas.core.arrays', 'pandas.core.arrays.base', 'pandas.compat.numpy.function', 'pandas.core.ops', 'pandas.core.ops.array_ops', 'pandas._libs.ops', 'pandas.core.ops.missing', 'pandas.core.ops.roperator', 'pandas.core.ops.dispatch', 'pandas.core.ops.invalid', 'pandas.core.ops.common', 'pandas.core.ops.docstrings', 'pandas.core.ops.mask_ops', 'pandas.core.ops.methods', 'pandas.core.missing', 'pandas.compat._optional', 'pandas.core.sorting', 'pandas.core.arrays.boolean', 'pandas.core.nanops', 'bottleneck', 'bottleneck.reduce', 'bottleneck.nonreduce', 'bottleneck.nonreduce_axis', 'bottleneck.move', 'bottleneck.slow', 'bottleneck.slow.reduce', 'bottleneck.slow.nonreduce', 'bottleneck.slow.nonreduce_axis', 'bottleneck.slow.move', 'bottleneck.benchmark', 'bottleneck.benchmark.bench', 'bottleneck.benchmark.autotimeit', 'timeit', 'gc', 'bottleneck.benchmark.bench_detailed', 'bottleneck.tests', 'bottleneck.tests.util', 'bottleneck._pytesttester', 'bottleneck._version', 'pandas.core.arrays.masked', 'pandas.core.arrays.categorical', 'pandas.core.accessor', 'pandas.core.base', 'pandas.io', 'pandas.io.formats', 'pandas.io.formats.console', 'pandas.core.arrays.datetimes', 'pandas.core.arrays.datetimelike', 'pandas.tseries', 'pandas.tseries.frequencies', 'pandas.tseries.offsets', 'dateutil.easter', 'pandas.core.arrays._ranges', 'pandas.core.arrays.integer', 'pandas.core.tools', 'pandas.core.tools.numeric', 'pandas.core.arrays.interval', 'pandas.core.indexes', 'pandas.core.indexes.base', 'pandas._libs.index', 'pandas._libs.join', 'pandas.core.dtypes.concat', 'pandas.core.indexes.frozen', 'pandas.io.formats.printing', 'pandas.core.strings', 'pandas.core.arrays.numpy_', 'pandas.core.arrays.period', 'pandas.core.arrays.sparse', 'pandas.core.arrays.sparse.accessor', 'pandas.core.arrays.sparse.array', 'pandas._libs.sparse', 'pandas.core.arrays.sparse.dtype', 'pandas.core.arrays.string_', 'pandas.core.arrays.timedeltas', 'pandas.core.groupby', 'pandas.core.groupby.generic', 'pandas.core.frame', 'pandas.core.generic', 'pandas.core.indexes.api', 'pandas.core.indexes.category', 'pandas.core.indexes.extension', 'pandas.core.indexes.datetimes', 'pandas.core.indexes.datetimelike', 'pandas.core.indexes.numeric', 'pandas.core.tools.timedeltas', 'pandas.core.tools.datetimes', 'pandas.arrays', 'pandas.core.indexes.interval', 'pandas.util._exceptions', 'pandas.core.indexes.multi', 'pandas.core.indexes.timedeltas', 'pandas.core.indexes.period', 'pandas.core.indexes.range', 'pandas.core.indexing', 'pandas._libs.indexing', 'pandas.core.internals', 'pandas.core.internals.blocks', 'pandas._libs.writers', 'pandas._libs.internals', 'pandas.core.internals.managers', 'pandas.core.internals.concat', 'pandas.io.formats.format', 'pandas.io.common', 'gzip', 'mmap', 'pandas.core.internals.construction', 'pandas.core.series', 'pandas._libs.reshape', 'pandas.core.indexes.accessors', 'pandas.plotting', 'pandas.plotting._core', 'pandas.plotting._misc', 'pandas.core.window', 'pandas.core.window.ewm', 'pandas._libs.window', 'pandas._libs.window.aggregations', 'pandas.core.window.common', 'pandas.core.groupby.base', 'pandas.core.window.rolling', 'pandas.core.window.indexers', 'pandas._libs.window.indexers', 'pandas.core.window.numba_', 'pandas.core.window.expanding', 'pandas.core.groupby.groupby', 'pandas._libs.groupby', 'pandas.core.groupby.ops', 'pandas._libs.reduction', 'pandas.core.groupby.grouper', 'pandas.core.groupby.categorical', 'pandas.tseries.api', 'pandas.core.computation', 'pandas.core.computation.api', 'pandas.core.computation.eval', 'pandas.core.computation.engines', 'pandas.core.computation.align', 'pandas.core.computation.common', 'pandas.core.computation.ops', 'pandas.core.computation.scope', 'pprint', 'pandas.compat.chainmap', 'pandas.core.computation.expr', 'pandas.core.computation.parsing', 'pandas.core.reshape', 'pandas.core.reshape.api', 'pandas.core.reshape.concat', 'pandas.core.reshape.melt', 'pandas.core.reshape.merge', 'pandas.core.reshape.pivot', 'pandas.core.reshape.util', 'pandas.core.reshape.reshape', 'pandas.core.reshape.tile', 'pandas.api', 'pandas.api.extensions', 'pandas.api.indexers', 'pandas.api.types', 'pandas.core.dtypes.api', 'pandas.util._print_versions', 'pandas.io.api', 'pandas.io.clipboards', 'pandas.io.excel', 'pandas.io.excel._base', 'pandas._libs.parsers', 'csv', '_csv', 'pandas.io.excel._util', 'pandas.io.parsers', 'pandas.io.date_converters', 'pandas.io.excel._odfreader', 'pandas.io.excel._openpyxl', 'pandas.io.excel._xlrd', 'pandas.io.excel._pyxlsb', 'pandas.io.excel._xlsxwriter', 'pandas._libs.json', 'pandas.io.excel._xlwt', 'pandas.io.feather_format', 'pandas.io.gbq', 'pandas.io.html', 'pandas.io.json', 'pandas.io.json._json', 'pandas.io.json._normalize', 'pandas.io.json._table_schema', 'pandas.io.orc', 'pandas.io.parquet', 'pandas.io.pickle', 'pandas.compat.pickle_compat', 'pandas.io.pytables', 'pandas.core.computation.pytables', 'pandas.io.sas', 'pandas.io.sas.sasreader', 'pandas.io.spss', 'pandas.io.sql', 'pandas.io.stata', 'pandas.util._tester', 'pandas.testing', 'pandas._testing', 'pandas._libs.testing', 'pandas._version', 'yfinance.base', 'yfinance.utils', 'ujson', 'yfinance.shared', 'yfinance.tickers', 'yfinance.multi', 'multitasking', 'multiprocessing', 'multiprocessing.context', 'multiprocessing.process', 'multiprocessing.reduction', '__mp_main__', 'mongodb', 'mongodb.constants', 'mongodb.database_manager', 'mongodb.connection', 'logger', 'logger.logging_manager', 'pymongo', 'pymongo.collection', 'bson', 'uuid', 'bson.binary', 'bson.py3compat', 'bson.code', 'bson.codec_options', 'bson.dbref', 'bson.son', 'bson.decimal128', 'bson.errors', 'bson.int64', 'bson.max_key', 'bson.min_key', 'bson.objectid', 'bson.tz_util', 'bson.regex', 'bson.timestamp', 'bson._cbson', 'bson.raw_bson', 'pymongo.common', 'pymongo.auth', 'pymongo.errors', 'pymongo.saslprep', 'backports', 'pymongo.compression_support', 'pymongo.monitoring', 'pymongo.helpers', 'pymongo.driver_info', 'pymongo.encryption_options', 'pymongo.read_concern', 'pymongo.read_preferences', 'pymongo.max_staleness_selectors', 'pymongo.server_type', 'pymongo.server_selectors', 'pymongo.ssl_support', 'wincertstore', 'pymongo.write_concern', 'pymongo.message', 'pymongo._cmessage', 'pymongo.aggregation', 'pymongo.collation', 'pymongo.bulk', 'pymongo.client_session', 'pymongo.monotonic', 'pymongo.command_cursor', 'pymongo.change_stream', 'pymongo.cursor', 'pymongo.operations', 'pymongo.results', 'pymongo.mongo_client', 'pymongo.database', 'pymongo.son_manipulator', 'pymongo.periodic_executor', 'pymongo.uri_parser', 'pymongo.srv_resolver', 'dns', 'dns.resolver', 'dns.exception', 'dns.flags', 'dns.ipv4', 'dns._compat', 'dns.ipv6', 'dns.message', 'dns.edns', 'dns.inet', 'dns.name', 'dns.wiredata', 'dns.opcode', 'dns.entropy', 'dns.rcode', 'dns.rdata', 'dns.rdataclass', 'dns.rdatatype', 'dns.tokenizer', 'dns.ttl', 'dns.rrset', 'dns.rdataset', 'dns.set', 'dns.renderer', 'dns.tsig', 'dns.query', 'dns.reversename', 'pymongo.client_options', 'pymongo.pool', 'pymongo.thread_util', 'pymongo.ismaster', 'pymongo.network', 'pymongo.ssl_match_hostname', 'pymongo.cursor_manager', 'pymongo.topology', 'pymongo.topology_description', 'pymongo.server_description', 'pymongo.monitor', 'pymongo.server', 'pymongo.response', 'pymongo.settings', 'pymongo.mongo_replica_set_client', 'prediction', 'prediction.StockPricePrediction', 'matplotlib', 'matplotlib.cbook', 'matplotlib.cbook.deprecation', 'matplotlib.rcsetup', 'matplotlib.fontconfig_pattern', 'pyparsing', 'matplotlib.colors', 'matplotlib._color_data', 'cycler', 'matplotlib._version', 'matplotlib.ft2font', 'kiwisolver']
matplotlib - DEBUG - CACHEDIR=C:\Users\soumy\.matplotlib
matplotlib.font_manager - DEBUG - Using fontManager instance from C:\Users\soumy\.matplotlib\fontlist-v310.json
matplotlib.pyplot - DEBUG - Loaded backend qt5agg version unknown.
matplotlib.pyplot - DEBUG - Loaded backend qt5agg version unknown.
matplotlib.pyplot - DEBUG - Loaded backend Qt5Agg version unknown.
tensorflow - DEBUG - Falling back to TensorFlow client; we recommended you install the Cloud TPU client directly with pip install cloud-tpu-client.
urllib3.connectionpool - DEBUG - Starting new HTTPS connection (1): query1.finance.yahoo.com:443
urllib3.connectionpool - DEBUG - Starting new HTTPS connection (1): query1.finance.yahoo.com:443
urllib3.connectionpool - DEBUG - Starting new HTTPS connection (1): query1.finance.yahoo.com:443
urllib3.connectionpool - DEBUG - Starting new HTTPS connection (1): query1.finance.yahoo.com:443
urllib3.connectionpool - DEBUG - https://query1.finance.yahoo.com:443 "GET /v8/finance/chart/SNPS?range=1y&interval=1d&includePrePost=False&events=div%2Csplits HTTP/1.1" 200 None
urllib3.connectionpool - DEBUG - https://query1.finance.yahoo.com:443 "GET /v8/finance/chart/FOXA?range=1y&interval=1d&includePrePost=False&events=div%2Csplits HTTP/1.1" 200 None
urllib3.connectionpool - DEBUG - https://query1.finance.yahoo.com:443 "GET /v8/finance/chart/TTWO?range=1y&interval=1d&includePrePost=False&events=div%2Csplits HTTP/1.1" 200 None
numexpr.utils - INFO - NumExpr defaulting to 4 threads.
urllib3.connectionpool - DEBUG - https://query1.finance.yahoo.com:443 "GET /v8/finance/chart/ASML?range=1y&interval=1d&includePrePost=False&events=div%2Csplits HTTP/1.1" 200 None
urllib3.connectionpool - DEBUG - Starting new HTTPS connection (1): query1.finance.yahoo.com:443
urllib3.connectionpool - DEBUG - Starting new HTTPS connection (1): query1.finance.yahoo.com:443
urllib3.connectionpool - DEBUG - Starting new HTTPS connection (1): query1.finance.yahoo.com:443
urllib3.connectionpool - DEBUG - Starting new HTTPS connection (1): query1.finance.yahoo.com:443
urllib3.connectionpool - DEBUG - https://query1.finance.yahoo.com:443 "GET /v8/finance/chart/EA?range=1y&interval=1d&includePrePost=False&events=div%2Csplits HTTP/1.1" 200 None
urllib3.connectionpool - DEBUG - https://query1.finance.yahoo.com:443 "GET /v8/finance/chart/CTSH?range=1y&interval=1d&includePrePost=False&events=div%2Csplits HTTP/1.1" 200 None
urllib3.connectionpool - DEBUG - https://query1.finance.yahoo.com:443 "GET /v8/finance/chart/PAYX?range=1y&interval=1d&includePrePost=False&events=div%2Csplits HTTP/1.1" 200 None
urllib3.connectionpool - DEBUG - https://query1.finance.yahoo.com:443 "GET /v8/finance/chart/CSGP?range=1y&interval=1d&includePrePost=False&events=div%2Csplits HTTP/1.1" 200 None
urllib3.connectionpool - DEBUG - Starting new HTTPS connection (1): query1.finance.yahoo.com:443
urllib3.connectionpool - DEBUG - Starting new HTTPS connection (1): query1.finance.yahoo.com:443
urllib3.connectionpool - DEBUG - Starting new HTTPS connection (1): query1.finance.yahoo.com:443
urllib3.connectionpool - DEBUG - Starting new HTTPS connection (1): query1.finance.yahoo.com:443
urllib3.connectionpool - DEBUG - https://query1.finance.yahoo.com:443 "GET /v8/finance/chart/SGEN?range=1y&interval=1d&includePrePost=False&events=div%2Csplits HTTP/1.1" 200 None
urllib3.connectionpool - DEBUG - https://query1.finance.yahoo.com:443 "GET /v8/finance/chart/CHTR?range=1y&interval=1d&includePrePost=False&events=div%2Csplits HTTP/1.1" 200 None
urllib3.connectionpool - DEBUG - https://query1.finance.yahoo.com:443 "GET /v8/finance/chart/KLAC?range=1y&interval=1d&includePrePost=False&events=div%2Csplits HTTP/1.1" 200 None
urllib3.connectionpool - DEBUG - https://query1.finance.yahoo.com:443 "GET /v8/finance/chart/EBAY?range=1y&interval=1d&includePrePost=False&events=div%2Csplits HTTP/1.1" 200 None
urllib3.connectionpool - DEBUG - Starting new HTTPS connection (1): query1.finance.yahoo.com:443
urllib3.connectionpool - DEBUG - Starting new HTTPS connection (1): query1.finance.yahoo.com:443
urllib3.connectionpool - DEBUG - Starting new HTTPS connection (1): query1.finance.yahoo.com:443
urllib3.connectionpool - DEBUG - Starting new HTTPS connection (1): query1.finance.yahoo.com:443
urllib3.connectionpool - DEBUG - https://query1.finance.yahoo.com:443 "GET /v8/finance/chart/AMZN?range=1y&interval=1d&includePrePost=False&events=div%2Csplits HTTP/1.1" 200 None
urllib3.connectionpool - DEBUG - https://query1.finance.yahoo.com:443 "GET /v8/finance/chart/REGN?range=1y&interval=1d&includePrePost=False&events=div%2Csplits HTTP/1.1" 200 None
urllib3.connectionpool - DEBUG - https://query1.finance.yahoo.com:443 "GET /v8/finance/chart/VRSK?range=1y&interval=1d&includePrePost=False&events=div%2Csplits HTTP/1.1" 200 None
urllib3.connectionpool - DEBUG - https://query1.finance.yahoo.com:443 "GET /v8/finance/chart/CDNS?range=1y&interval=1d&includePrePost=False&events=div%2Csplits HTTP/1.1" 200 None
urllib3.connectionpool - DEBUG - Starting new HTTPS connection (1): query1.finance.yahoo.com:443
urllib3.connectionpool - DEBUG - Starting new HTTPS connection (1): query1.finance.yahoo.com:443
urllib3.connectionpool - DEBUG - Starting new HTTPS connection (1): query1.finance.yahoo.com:443
urllib3.connectionpool - DEBUG - Starting new HTTPS connection (1): query1.finance.yahoo.com:443
urllib3.connectionpool - DEBUG - https://query1.finance.yahoo.com:443 "GET /v8/finance/chart/ANSS?range=1y&interval=1d&includePrePost=False&events=div%2Csplits HTTP/1.1" 200 None
urllib3.connectionpool - DEBUG - Starting new HTTPS connection (1): query1.finance.yahoo.com:443
urllib3.connectionpool - DEBUG - https://query1.finance.yahoo.com:443 "GET /v8/finance/chart/NTAP?range=1y&interval=1d&includePrePost=False&events=div%2Csplits HTTP/1.1" 200 None
urllib3.connectionpool - DEBUG - https://query1.finance.yahoo.com:443 "GET /v8/finance/chart/MXIM?range=1y&interval=1d&includePrePost=False&events=div%2Csplits HTTP/1.1" 200 None
urllib3.connectionpool - DEBUG - https://query1.finance.yahoo.com:443 "GET /v8/finance/chart/LBTYK?range=1y&interval=1d&includePrePost=False&events=div%2Csplits HTTP/1.1" 200 None
urllib3.connectionpool - DEBUG - Starting new HTTPS connection (1): query1.finance.yahoo.com:443
urllib3.connectionpool - DEBUG - Starting new HTTPS connection (1): query1.finance.yahoo.com:443
urllib3.connectionpool - DEBUG - Starting new HTTPS connection (1): query1.finance.yahoo.com:443
urllib3.connectionpool - DEBUG - https://query1.finance.yahoo.com:443 "GET /v8/finance/chart/AMD?range=1y&interval=1d&includePrePost=False&events=div%2Csplits HTTP/1.1" 200 None
urllib3.connectionpool - DEBUG - Starting new HTTPS connection (1): query1.finance.yahoo.com:443
urllib3.connectionpool - DEBUG - https://query1.finance.yahoo.com:443 "GET /v8/finance/chart/INCY?range=1y&interval=1d&includePrePost=False&events=div%2Csplits HTTP/1.1" 200 None
urllib3.connectionpool - DEBUG - Starting new HTTPS connection (1): query1.finance.yahoo.com:443
urllib3.connectionpool - DEBUG - https://query1.finance.yahoo.com:443 "GET /v8/finance/chart/ROST?range=1y&interval=1d&includePrePost=False&events=div%2Csplits HTTP/1.1" 200 None
urllib3.connectionpool - DEBUG - https://query1.finance.yahoo.com:443 "GET /v8/finance/chart/AVGO?range=1y&interval=1d&includePrePost=False&events=div%2Csplits HTTP/1.1" 200 None
urllib3.connectionpool - DEBUG - Starting new HTTPS connection (1): query1.finance.yahoo.com:443
urllib3.connectionpool - DEBUG - Starting new HTTPS connection (1): query1.finance.yahoo.com:443
urllib3.connectionpool - DEBUG - https://query1.finance.yahoo.com:443 "GET /v8/finance/chart/TMUS?range=1y&interval=1d&includePrePost=False&events=div%2Csplits HTTP/1.1" 200 None
urllib3.connectionpool - DEBUG - Starting new HTTPS connection (1): query1.finance.yahoo.com:443
urllib3.connectionpool - DEBUG - https://query1.finance.yahoo.com:443 "GET /v8/finance/chart/ULTA?range=1y&interval=1d&includePrePost=False&events=div%2Csplits HTTP/1.1" 200 None
urllib3.connectionpool - DEBUG - Starting new HTTPS connection (1): query1.finance.yahoo.com:443
urllib3.connectionpool - DEBUG - https://query1.finance.yahoo.com:443 "GET /v8/finance/chart/XLNX?range=1y&interval=1d&includePrePost=False&events=div%2Csplits HTTP/1.1" 200 None
urllib3.connectionpool - DEBUG - https://query1.finance.yahoo.com:443 "GET /v8/finance/chart/SIRI?range=1y&interval=1d&includePrePost=False&events=div%2Csplits HTTP/1.1" 200 None
urllib3.connectionpool - DEBUG - Starting new HTTPS connection (1): query1.finance.yahoo.com:443
urllib3.connectionpool - DEBUG - Starting new HTTPS connection (1): query1.finance.yahoo.com:443
urllib3.connectionpool - DEBUG - https://query1.finance.yahoo.com:443 "GET /v8/finance/chart/CSX?range=1y&interval=1d&includePrePost=False&events=div%2Csplits HTTP/1.1" 200 None
urllib3.connectionpool - DEBUG - https://query1.finance.yahoo.com:443 "GET /v8/finance/chart/LBTYA?range=1y&interval=1d&includePrePost=False&events=div%2Csplits HTTP/1.1" 200 None
urllib3.connectionpool - DEBUG - Starting new HTTPS connection (1): query1.finance.yahoo.com:443
urllib3.connectionpool - DEBUG - Starting new HTTPS connection (1): query1.finance.yahoo.com:443
urllib3.connectionpool - DEBUG - https://query1.finance.yahoo.com:443 "GET /v8/finance/chart/MAR?range=1y&interval=1d&includePrePost=False&events=div%2Csplits HTTP/1.1" 200 None
urllib3.connectionpool - DEBUG - https://query1.finance.yahoo.com:443 "GET /v8/finance/chart/CSCO?range=1y&interval=1d&includePrePost=False&events=div%2Csplits HTTP/1.1" 200 None
urllib3.connectionpool - DEBUG - Starting new HTTPS connection (1): query1.finance.yahoo.com:443
urllib3.connectionpool - DEBUG - Starting new HTTPS connection (1): query1.finance.yahoo.com:443
urllib3.connectionpool - DEBUG - https://query1.finance.yahoo.com:443 "GET /v8/finance/chart/CHKP?range=1y&interval=1d&includePrePost=False&events=div%2Csplits HTTP/1.1" 200 None
urllib3.connectionpool - DEBUG - Starting new HTTPS connection (1): query1.finance.yahoo.com:443
urllib3.connectionpool - DEBUG - https://query1.finance.yahoo.com:443 "GET /v8/finance/chart/CMCSA?range=1y&interval=1d&includePrePost=False&events=div%2Csplits HTTP/1.1" 200 None
urllib3.connectionpool - DEBUG - Starting new HTTPS connection (1): query1.finance.yahoo.com:443
urllib3.connectionpool - DEBUG - https://query1.finance.yahoo.com:443 "GET /v8/finance/chart/INTC?range=1y&interval=1d&includePrePost=False&events=div%2Csplits HTTP/1.1" 200 None
urllib3.connectionpool - DEBUG - https://query1.finance.yahoo.com:443 "GET /v8/finance/chart/NVDA?range=1y&interval=1d&includePrePost=False&events=div%2Csplits HTTP/1.1" 200 None
urllib3.connectionpool - DEBUG - Starting new HTTPS connection (1): query1.finance.yahoo.com:443
urllib3.connectionpool - DEBUG - Starting new HTTPS connection (1): query1.finance.yahoo.com:443
urllib3.connectionpool - DEBUG - https://query1.finance.yahoo.com:443 "GET /v8/finance/chart/AAL?range=1y&interval=1d&includePrePost=False&events=div%2Csplits HTTP/1.1" 200 None
urllib3.connectionpool - DEBUG - https://query1.finance.yahoo.com:443 "GET /v8/finance/chart/ADI?range=1y&interval=1d&includePrePost=False&events=div%2Csplits HTTP/1.1" 200 None
urllib3.connectionpool - DEBUG - Starting new HTTPS connection (1): query1.finance.yahoo.com:443
urllib3.connectionpool - DEBUG - Starting new HTTPS connection (1): query1.finance.yahoo.com:443
urllib3.connectionpool - DEBUG - https://query1.finance.yahoo.com:443 "GET /v8/finance/chart/COST?range=1y&interval=1d&includePrePost=False&events=div%2Csplits HTTP/1.1" 200 None
urllib3.connectionpool - DEBUG - https://query1.finance.yahoo.com:443 "GET /v8/finance/chart/JD?range=1y&interval=1d&includePrePost=False&events=div%2Csplits HTTP/1.1" 200 None
urllib3.connectionpool - DEBUG - Starting new HTTPS connection (1): query1.finance.yahoo.com:443
urllib3.connectionpool - DEBUG - Starting new HTTPS connection (1): query1.finance.yahoo.com:443
urllib3.connectionpool - DEBUG - https://query1.finance.yahoo.com:443 "GET /v8/finance/chart/FOX?range=1y&interval=1d&includePrePost=False&events=div%2Csplits HTTP/1.1" 200 None
urllib3.connectionpool - DEBUG - https://query1.finance.yahoo.com:443 "GET /v8/finance/chart/ALGN?range=1y&interval=1d&includePrePost=False&events=div%2Csplits HTTP/1.1" 200 None
urllib3.connectionpool - DEBUG - Starting new HTTPS connection (1): query1.finance.yahoo.com:443
urllib3.connectionpool - DEBUG - Starting new HTTPS connection (1): query1.finance.yahoo.com:443
urllib3.connectionpool - DEBUG - https://query1.finance.yahoo.com:443 "GET /v8/finance/chart/ILMN?range=1y&interval=1d&includePrePost=False&events=div%2Csplits HTTP/1.1" 200 None
urllib3.connectionpool - DEBUG - https://query1.finance.yahoo.com:443 "GET /v8/finance/chart/MCHP?range=1y&interval=1d&includePrePost=False&events=div%2Csplits HTTP/1.1" 200 None
urllib3.connectionpool - DEBUG - Starting new HTTPS connection (1): query1.finance.yahoo.com:443
urllib3.connectionpool - DEBUG - Starting new HTTPS connection (1): query1.finance.yahoo.com:443
urllib3.connectionpool - DEBUG - https://query1.finance.yahoo.com:443 "GET /v8/finance/chart/CPRT?range=1y&interval=1d&includePrePost=False&events=div%2Csplits HTTP/1.1" 200 None
urllib3.connectionpool - DEBUG - https://query1.finance.yahoo.com:443 "GET /v8/finance/chart/VRSN?range=1y&interval=1d&includePrePost=False&events=div%2Csplits HTTP/1.1" 200 None
urllib3.connectionpool - DEBUG - Starting new HTTPS connection (1): query1.finance.yahoo.com:443
urllib3.connectionpool - DEBUG - Starting new HTTPS connection (1): query1.finance.yahoo.com:443
urllib3.connectionpool - DEBUG - https://query1.finance.yahoo.com:443 "GET /v8/finance/chart/AMAT?range=1y&interval=1d&includePrePost=False&events=div%2Csplits HTTP/1.1" 200 None
urllib3.connectionpool - DEBUG - https://query1.finance.yahoo.com:443 "GET /v8/finance/chart/MU?range=1y&interval=1d&includePrePost=False&events=div%2Csplits HTTP/1.1" 200 None
urllib3.connectionpool - DEBUG - Starting new HTTPS connection (1): query1.finance.yahoo.com:443
urllib3.connectionpool - DEBUG - Starting new HTTPS connection (1): query1.finance.yahoo.com:443
urllib3.connectionpool - DEBUG - https://query1.finance.yahoo.com:443 "GET /v8/finance/chart/BMRN?range=1y&interval=1d&includePrePost=False&events=div%2Csplits HTTP/1.1" 200 None
urllib3.connectionpool - DEBUG - https://query1.finance.yahoo.com:443 "GET /v8/finance/chart/CERN?range=1y&interval=1d&includePrePost=False&events=div%2Csplits HTTP/1.1" 200 None
urllib3.connectionpool - DEBUG - Starting new HTTPS connection (1): query1.finance.yahoo.com:443
urllib3.connectionpool - DEBUG - Starting new HTTPS connection (1): query1.finance.yahoo.com:443
urllib3.connectionpool - DEBUG - https://query1.finance.yahoo.com:443 "GET /v8/finance/chart/ISRG?range=1y&interval=1d&includePrePost=False&events=div%2Csplits HTTP/1.1" 200 None
urllib3.connectionpool - DEBUG - Starting new HTTPS connection (1): query1.finance.yahoo.com:443
urllib3.connectionpool - DEBUG - https://query1.finance.yahoo.com:443 "GET /v8/finance/chart/EXPE?range=1y&interval=1d&includePrePost=False&events=div%2Csplits HTTP/1.1" 200 None
urllib3.connectionpool - DEBUG - Starting new HTTPS connection (1): query1.finance.yahoo.com:443
urllib3.connectionpool - DEBUG - https://query1.finance.yahoo.com:443 "GET /v8/finance/chart/FB?range=1y&interval=1d&includePrePost=False&events=div%2Csplits HTTP/1.1" 200 None
urllib3.connectionpool - DEBUG - https://query1.finance.yahoo.com:443 "GET /v8/finance/chart/TXN?range=1y&interval=1d&includePrePost=False&events=div%2Csplits HTTP/1.1" 200 None
urllib3.connectionpool - DEBUG - Starting new HTTPS connection (1): query1.finance.yahoo.com:443
urllib3.connectionpool - DEBUG - Starting new HTTPS connection (1): query1.finance.yahoo.com:443
urllib3.connectionpool - DEBUG - https://query1.finance.yahoo.com:443 "GET /v8/finance/chart/BIDU?range=1y&interval=1d&includePrePost=False&events=div%2Csplits HTTP/1.1" 200 None
urllib3.connectionpool - DEBUG - https://query1.finance.yahoo.com:443 "GET /v8/finance/chart/CDW?range=1y&interval=1d&includePrePost=False&events=div%2Csplits HTTP/1.1" 200 None
urllib3.connectionpool - DEBUG - Starting new HTTPS connection (1): query1.finance.yahoo.com:443
urllib3.connectionpool - DEBUG - Starting new HTTPS connection (1): query1.finance.yahoo.com:443
urllib3.connectionpool - DEBUG - https://query1.finance.yahoo.com:443 "GET /v8/finance/chart/ADBE?range=1y&interval=1d&includePrePost=False&events=div%2Csplits HTTP/1.1" 200 None
urllib3.connectionpool - DEBUG - https://query1.finance.yahoo.com:443 "GET /v8/finance/chart/ADSK?range=1y&interval=1d&includePrePost=False&events=div%2Csplits HTTP/1.1" 200 None
urllib3.connectionpool - DEBUG - Starting new HTTPS connection (1): query1.finance.yahoo.com:443
urllib3.connectionpool - DEBUG - Starting new HTTPS connection (1): query1.finance.yahoo.com:443
urllib3.connectionpool - DEBUG - https://query1.finance.yahoo.com:443 "GET /v8/finance/chart/LULU?range=1y&interval=1d&includePrePost=False&events=div%2Csplits HTTP/1.1" 200 None
urllib3.connectionpool - DEBUG - Starting new HTTPS connection (1): query1.finance.yahoo.com:443
urllib3.connectionpool - DEBUG - https://query1.finance.yahoo.com:443 "GET /v8/finance/chart/SPLK?range=1y&interval=1d&includePrePost=False&events=div%2Csplits HTTP/1.1" 200 None
urllib3.connectionpool - DEBUG - Starting new HTTPS connection (1): query1.finance.yahoo.com:443
urllib3.connectionpool - DEBUG - https://query1.finance.yahoo.com:443 "GET /v8/finance/chart/GILD?range=1y&interval=1d&includePrePost=False&events=div%2Csplits HTTP/1.1" 200 None
urllib3.connectionpool - DEBUG - https://query1.finance.yahoo.com:443 "GET /v8/finance/chart/FAST?range=1y&interval=1d&includePrePost=False&events=div%2Csplits HTTP/1.1" 200 None
urllib3.connectionpool - DEBUG - Starting new HTTPS connection (1): query1.finance.yahoo.com:443
urllib3.connectionpool - DEBUG - Starting new HTTPS connection (1): query1.finance.yahoo.com:443
urllib3.connectionpool - DEBUG - https://query1.finance.yahoo.com:443 "GET /v8/finance/chart/SBUX?range=1y&interval=1d&includePrePost=False&events=div%2Csplits HTTP/1.1" 200 None
urllib3.connectionpool - DEBUG - https://query1.finance.yahoo.com:443 "GET /v8/finance/chart/XEL?range=1y&interval=1d&includePrePost=False&events=div%2Csplits HTTP/1.1" 200 None
urllib3.connectionpool - DEBUG - Starting new HTTPS connection (1): query1.finance.yahoo.com:443
urllib3.connectionpool - DEBUG - Starting new HTTPS connection (1): query1.finance.yahoo.com:443
urllib3.connectionpool - DEBUG - https://query1.finance.yahoo.com:443 "GET /v8/finance/chart/KHC?range=1y&interval=1d&includePrePost=False&events=div%2Csplits HTTP/1.1" 200 None
urllib3.connectionpool - DEBUG - https://query1.finance.yahoo.com:443 "GET /v8/finance/chart/IDXX?range=1y&interval=1d&includePrePost=False&events=div%2Csplits HTTP/1.1" 200 None
urllib3.connectionpool - DEBUG - Starting new HTTPS connection (1): query1.finance.yahoo.com:443
urllib3.connectionpool - DEBUG - Starting new HTTPS connection (1): query1.finance.yahoo.com:443
urllib3.connectionpool - DEBUG - https://query1.finance.yahoo.com:443 "GET /v8/finance/chart/ALXN?range=1y&interval=1d&includePrePost=False&events=div%2Csplits HTTP/1.1" 200 None
urllib3.connectionpool - DEBUG - https://query1.finance.yahoo.com:443 "GET /v8/finance/chart/GOOGL?range=1y&interval=1d&includePrePost=False&events=div%2Csplits HTTP/1.1" 200 None
urllib3.connectionpool - DEBUG - Starting new HTTPS connection (1): query1.finance.yahoo.com:443
urllib3.connectionpool - DEBUG - Starting new HTTPS connection (1): query1.finance.yahoo.com:443
urllib3.connectionpool - DEBUG - https://query1.finance.yahoo.com:443 "GET /v8/finance/chart/NFLX?range=1y&interval=1d&includePrePost=False&events=div%2Csplits HTTP/1.1" 200 None
urllib3.connectionpool - DEBUG - https://query1.finance.yahoo.com:443 "GET /v8/finance/chart/MNST?range=1y&interval=1d&includePrePost=False&events=div%2Csplits HTTP/1.1" 200 None
urllib3.connectionpool - DEBUG - Starting new HTTPS connection (1): query1.finance.yahoo.com:443
urllib3.connectionpool - DEBUG - Starting new HTTPS connection (1): query1.finance.yahoo.com:443
urllib3.connectionpool - DEBUG - https://query1.finance.yahoo.com:443 "GET /v8/finance/chart/BIIB?range=1y&interval=1d&includePrePost=False&events=div%2Csplits HTTP/1.1" 200 None
urllib3.connectionpool - DEBUG - https://query1.finance.yahoo.com:443 "GET /v8/finance/chart/SWKS?range=1y&interval=1d&includePrePost=False&events=div%2Csplits HTTP/1.1" 200 None
urllib3.connectionpool - DEBUG - Starting new HTTPS connection (1): query1.finance.yahoo.com:443
urllib3.connectionpool - DEBUG - Starting new HTTPS connection (1): query1.finance.yahoo.com:443
urllib3.connectionpool - DEBUG - https://query1.finance.yahoo.com:443 "GET /v8/finance/chart/NXPI?range=1y&interval=1d&includePrePost=False&events=div%2Csplits HTTP/1.1" 200 None
urllib3.connectionpool - DEBUG - Starting new HTTPS connection (1): query1.finance.yahoo.com:443
urllib3.connectionpool - DEBUG - https://query1.finance.yahoo.com:443 "GET /v8/finance/chart/CTAS?range=1y&interval=1d&includePrePost=False&events=div%2Csplits HTTP/1.1" 200 None
urllib3.connectionpool - DEBUG - Starting new HTTPS connection (1): query1.finance.yahoo.com:443
urllib3.connectionpool - DEBUG - https://query1.finance.yahoo.com:443 "GET /v8/finance/chart/NTES?range=1y&interval=1d&includePrePost=False&events=div%2Csplits HTTP/1.1" 200 None
urllib3.connectionpool - DEBUG - Starting new HTTPS connection (1): query1.finance.yahoo.com:443
urllib3.connectionpool - DEBUG - https://query1.finance.yahoo.com:443 "GET /v8/finance/chart/WDC?range=1y&interval=1d&includePrePost=False&events=div%2Csplits HTTP/1.1" 200 None
urllib3.connectionpool - DEBUG - Starting new HTTPS connection (1): query1.finance.yahoo.com:443
urllib3.connectionpool - DEBUG - https://query1.finance.yahoo.com:443 "GET /v8/finance/chart/MDLZ?range=1y&interval=1d&includePrePost=False&events=div%2Csplits HTTP/1.1" 200 None
urllib3.connectionpool - DEBUG - Starting new HTTPS connection (1): query1.finance.yahoo.com:443
urllib3.connectionpool - DEBUG - https://query1.finance.yahoo.com:443 "GET /v8/finance/chart/GOOG?range=1y&interval=1d&includePrePost=False&events=div%2Csplits HTTP/1.1" 200 None
urllib3.connectionpool - DEBUG - Starting new HTTPS connection (1): query1.finance.yahoo.com:443
urllib3.connectionpool - DEBUG - https://query1.finance.yahoo.com:443 "GET /v8/finance/chart/FISV?range=1y&interval=1d&includePrePost=False&events=div%2Csplits HTTP/1.1" 200 None
urllib3.connectionpool - DEBUG - Starting new HTTPS connection (1): query1.finance.yahoo.com:443
urllib3.connectionpool - DEBUG - https://query1.finance.yahoo.com:443 "GET /v8/finance/chart/BKNG?range=1y&interval=1d&includePrePost=False&events=div%2Csplits HTTP/1.1" 200 None
urllib3.connectionpool - DEBUG - Starting new HTTPS connection (1): query1.finance.yahoo.com:443
urllib3.connectionpool - DEBUG - https://query1.finance.yahoo.com:443 "GET /v8/finance/chart/ADP?range=1y&interval=1d&includePrePost=False&events=div%2Csplits HTTP/1.1" 200 None
urllib3.connectionpool - DEBUG - Starting new HTTPS connection (1): query1.finance.yahoo.com:443
urllib3.connectionpool - DEBUG - https://query1.finance.yahoo.com:443 "GET /v8/finance/chart/TSLA?range=1y&interval=1d&includePrePost=False&events=div%2Csplits HTTP/1.1" 200 None
urllib3.connectionpool - DEBUG - Starting new HTTPS connection (1): query1.finance.yahoo.com:443
urllib3.connectionpool - DEBUG - https://query1.finance.yahoo.com:443 "GET /v8/finance/chart/EXC?range=1y&interval=1d&includePrePost=False&events=div%2Csplits HTTP/1.1" 200 None
urllib3.connectionpool - DEBUG - Starting new HTTPS connection (1): query1.finance.yahoo.com:443
urllib3.connectionpool - DEBUG - https://query1.finance.yahoo.com:443 "GET /v8/finance/chart/WLTW?range=1y&interval=1d&includePrePost=False&events=div%2Csplits HTTP/1.1" 200 None
urllib3.connectionpool - DEBUG - Starting new HTTPS connection (1): query1.finance.yahoo.com:443
urllib3.connectionpool - DEBUG - https://query1.finance.yahoo.com:443 "GET /v8/finance/chart/MELI?range=1y&interval=1d&includePrePost=False&events=div%2Csplits HTTP/1.1" 200 None
urllib3.connectionpool - DEBUG - Starting new HTTPS connection (1): query1.finance.yahoo.com:443
urllib3.connectionpool - DEBUG - https://query1.finance.yahoo.com:443 "GET /v8/finance/chart/WDAY?range=1y&interval=1d&includePrePost=False&events=div%2Csplits HTTP/1.1" 200 None
urllib3.connectionpool - DEBUG - Starting new HTTPS connection (1): query1.finance.yahoo.com:443
urllib3.connectionpool - DEBUG - https://query1.finance.yahoo.com:443 "GET /v8/finance/chart/AMGN?range=1y&interval=1d&includePrePost=False&events=div%2Csplits HTTP/1.1" 200 None
urllib3.connectionpool - DEBUG - Starting new HTTPS connection (1): query1.finance.yahoo.com:443
urllib3.connectionpool - DEBUG - https://query1.finance.yahoo.com:443 "GET /v8/finance/chart/INTU?range=1y&interval=1d&includePrePost=False&events=div%2Csplits HTTP/1.1" 200 None
urllib3.connectionpool - DEBUG - Starting new HTTPS connection (1): query1.finance.yahoo.com:443
urllib3.connectionpool - DEBUG - https://query1.finance.yahoo.com:443 "GET /v8/finance/chart/LRCX?range=1y&interval=1d&includePrePost=False&events=div%2Csplits HTTP/1.1" 200 None
urllib3.connectionpool - DEBUG - Starting new HTTPS connection (1): query1.finance.yahoo.com:443
urllib3.connectionpool - DEBUG - https://query1.finance.yahoo.com:443 "GET /v8/finance/chart/VRTX?range=1y&interval=1d&includePrePost=False&events=div%2Csplits HTTP/1.1" 200 None
urllib3.connectionpool - DEBUG - Starting new HTTPS connection (1): query1.finance.yahoo.com:443
urllib3.connectionpool - DEBUG - https://query1.finance.yahoo.com:443 "GET /v8/finance/chart/CTXS?range=1y&interval=1d&includePrePost=False&events=div%2Csplits HTTP/1.1" 200 None
urllib3.connectionpool - DEBUG - https://query1.finance.yahoo.com:443 "GET /v8/finance/chart/PCAR?range=1y&interval=1d&includePrePost=False&events=div%2Csplits HTTP/1.1" 200 None
urllib3.connectionpool - DEBUG - Starting new HTTPS connection (1): query1.finance.yahoo.com:443
urllib3.connectionpool - DEBUG - Starting new HTTPS connection (1): query1.finance.yahoo.com:443
urllib3.connectionpool - DEBUG - https://query1.finance.yahoo.com:443 "GET /v8/finance/chart/TCOM?range=1y&interval=1d&includePrePost=False&events=div%2Csplits HTTP/1.1" 200 None
urllib3.connectionpool - DEBUG - Starting new HTTPS connection (1): query1.finance.yahoo.com:443
urllib3.connectionpool - DEBUG - https://query1.finance.yahoo.com:443 "GET /v8/finance/chart/QCOM?range=1y&interval=1d&includePrePost=False&events=div%2Csplits HTTP/1.1" 200 None
urllib3.connectionpool - DEBUG - Starting new HTTPS connection (1): query1.finance.yahoo.com:443
urllib3.connectionpool - DEBUG - https://query1.finance.yahoo.com:443 "GET /v8/finance/chart/PYPL?range=1y&interval=1d&includePrePost=False&events=div%2Csplits HTTP/1.1" 200 None
urllib3.connectionpool - DEBUG - https://query1.finance.yahoo.com:443 "GET /v8/finance/chart/PEP?range=1y&interval=1d&includePrePost=False&events=div%2Csplits HTTP/1.1" 200 None
urllib3.connectionpool - DEBUG - Starting new HTTPS connection (1): query1.finance.yahoo.com:443
urllib3.connectionpool - DEBUG - Starting new HTTPS connection (1): query1.finance.yahoo.com:443
urllib3.connectionpool - DEBUG - https://query1.finance.yahoo.com:443 "GET /v8/finance/chart/AAPL?range=1y&interval=1d&includePrePost=False&events=div%2Csplits HTTP/1.1" 200 None
urllib3.connectionpool - DEBUG - Starting new HTTPS connection (1): query1.finance.yahoo.com:443
urllib3.connectionpool - DEBUG - https://query1.finance.yahoo.com:443 "GET /v8/finance/chart/ORLY?range=1y&interval=1d&includePrePost=False&events=div%2Csplits HTTP/1.1" 200 None
urllib3.connectionpool - DEBUG - Starting new HTTPS connection (1): query1.finance.yahoo.com:443
urllib3.connectionpool - DEBUG - https://query1.finance.yahoo.com:443 "GET /v8/finance/chart/DLTR?range=1y&interval=1d&includePrePost=False&events=div%2Csplits HTTP/1.1" 200 None
urllib3.connectionpool - DEBUG - Starting new HTTPS connection (1): query1.finance.yahoo.com:443
urllib3.connectionpool - DEBUG - https://query1.finance.yahoo.com:443 "GET /v8/finance/chart/WBA?range=1y&interval=1d&includePrePost=False&events=div%2Csplits HTTP/1.1" 200 None
urllib3.connectionpool - DEBUG - https://query1.finance.yahoo.com:443 "GET /v8/finance/chart/ATVI?range=1y&interval=1d&includePrePost=False&events=div%2Csplits HTTP/1.1" 200 None
urllib3.connectionpool - DEBUG - https://query1.finance.yahoo.com:443 "GET /v8/finance/chart/UAL?range=1y&interval=1d&includePrePost=False&events=div%2Csplits HTTP/1.1" 200 None
urllib3.connectionpool - DEBUG - https://query1.finance.yahoo.com:443 "GET /v8/finance/chart/MSFT?range=1y&interval=1d&includePrePost=False&events=div%2Csplits HTTP/1.1" 200 None
